This file contains any messages produced by compilers while
running configure, to aid debugging if configure makes a mistake.

It was created by configure, which was
generated by GNU Autoconf 2.59.  Invocation command line was

  $ ./configure 

## --------- ##
## Platform. ##
## --------- ##

hostname = ganshou-no-MacBook-Air.local
uname -m = x86_64
uname -r = 13.1.0
uname -s = Darwin
uname -v = Darwin Kernel Version 13.1.0: Wed Apr  2 23:52:02 PDT 2014; root:xnu-2422.92.1~2/RELEASE_X86_64

/usr/bin/uname -p = i386
/bin/uname -X     = unknown

/bin/arch              = unknown
/usr/bin/arch -k       = unknown
/usr/convex/getsysinfo = unknown
hostinfo               = Mach kernel version:
	 Darwin Kernel Version 13.1.0: Wed Apr  2 23:52:02 PDT 2014; root:xnu-2422.92.1~2/RELEASE_X86_64
Kernel configured for up to 4 processors.
2 processors are physically available.
4 processors are logically available.
Processor type: i486 (Intel 80486)
Processors active: 0 1 2 3
Primary memory available: 4.00 gigabytes
Default processor set: 170 tasks, 819 threads, 4 processors
Load average: 1.07, Mach factor: 2.92
/bin/machine           = unknown
/usr/bin/oslevel       = unknown
/bin/universe          = unknown

PATH: /opt/local/bin
PATH: /opt/local/sbin
PATH: /opt/local/bin
PATH: /opt/local/sbin
PATH: /Users/takako/.rbenv/shims
PATH: /Users/takako/.rbenv/shims
PATH: /usr/bin
PATH: /bin
PATH: /usr/sbin
PATH: /sbin
PATH: /usr/local/bin
PATH: /usr/local/git/bin
PATH: /Users/takako/.rvm/bin


## ----------- ##
## Core tests. ##
## ----------- ##

configure:1548: checking for a BSD-compatible install
configure:1603: result: /usr/bin/install -c
configure:1614: checking whether build environment is sane
configure:1657: result: yes
configure:1722: checking for gawk
configure:1751: result: no
configure:1722: checking for mawk
configure:1751: result: no
configure:1722: checking for nawk
configure:1751: result: no
configure:1722: checking for awk
configure:1738: found /usr/bin/awk
configure:1748: result: awk
configure:1758: checking whether make sets $(MAKE)
configure:1778: result: yes
configure:1948: checking whether make sets $(MAKE)
configure:1968: result: yes
configure:2028: checking for gcc
configure:2044: found /usr/bin/gcc
configure:2054: result: gcc
configure:2298: checking for C compiler version
configure:2301: gcc --version </dev/null >&5
Configured with: --prefix=/Applications/Xcode.app/Contents/Developer/usr --with-gxx-include-dir=/usr/include/c++/4.2.1
Apple LLVM version 5.1 (clang-503.0.40) (based on LLVM 3.4svn)
Target: x86_64-apple-darwin13.1.0
Thread model: posix
configure:2304: $? = 0
configure:2306: gcc -v </dev/null >&5
Configured with: --prefix=/Applications/Xcode.app/Contents/Developer/usr --with-gxx-include-dir=/usr/include/c++/4.2.1
Apple LLVM version 5.1 (clang-503.0.40) (based on LLVM 3.4svn)
Target: x86_64-apple-darwin13.1.0
Thread model: posix
configure:2309: $? = 0
configure:2311: gcc -V </dev/null >&5
clang: error: argument to '-V' is missing (expected 1 value)
clang: error: no input files
configure:2314: $? = 1
configure:2337: checking for C compiler default output file name
configure:2340: gcc    conftest.c  >&5
configure:2343: $? = 0
configure:2389: result: a.out
configure:2394: checking whether the C compiler works
configure:2400: ./a.out
configure:2403: $? = 0
configure:2420: result: yes
configure:2427: checking whether we are cross compiling
configure:2429: result: no
configure:2432: checking for suffix of executables
configure:2434: gcc -o conftest    conftest.c  >&5
configure:2437: $? = 0
configure:2462: result: 
configure:2468: checking for suffix of object files
configure:2489: gcc -c   conftest.c >&5
configure:2492: $? = 0
configure:2514: result: o
configure:2518: checking whether we are using the GNU C compiler
configure:2542: gcc -c   conftest.c >&5
configure:2548: $? = 0
configure:2552: test -z 
			 || test ! -s conftest.err
configure:2555: $? = 0
configure:2558: test -s conftest.o
configure:2561: $? = 0
configure:2574: result: yes
configure:2580: checking whether gcc accepts -g
configure:2601: gcc -c -g  conftest.c >&5
configure:2607: $? = 0
configure:2611: test -z 
			 || test ! -s conftest.err
configure:2614: $? = 0
configure:2617: test -s conftest.o
configure:2620: $? = 0
configure:2631: result: yes
configure:2648: checking for gcc option to accept ANSI C
configure:2718: gcc  -c -g -O2  conftest.c >&5
configure:2724: $? = 0
configure:2728: test -z 
			 || test ! -s conftest.err
configure:2731: $? = 0
configure:2734: test -s conftest.o
configure:2737: $? = 0
configure:2755: result: none needed
configure:2773: gcc -c -g -O2  conftest.c >&5
conftest.c:2:3: error: unknown type name 'choke'
  choke me
  ^
conftest.c:2:11: error: expected ';' after top level declarator
  choke me
          ^
          ;
2 errors generated.
configure:2779: $? = 1
configure: failed program was:
| #ifndef __cplusplus
|   choke me
| #endif
configure:2923: checking for style of include used by make
configure:2951: result: GNU
configure:2979: checking dependency style of gcc
configure:3069: result: none
configure:3091: checking how to run the C preprocessor
configure:3126: gcc -E  conftest.c
configure:3132: $? = 0
configure:3164: gcc -E  conftest.c
conftest.c:11:10: fatal error: 'ac_nonexistent.h' file not found
#include <ac_nonexistent.h>
         ^
1 error generated.
configure:3170: $? = 1
configure: failed program was:
| /* confdefs.h.  */
| 
| #define PACKAGE_NAME ""
| #define PACKAGE_TARNAME ""
| #define PACKAGE_VERSION ""
| #define PACKAGE_STRING ""
| #define PACKAGE_BUGREPORT ""
| #define PACKAGE "libiconv"
| #define VERSION "1.10"
| /* end confdefs.h.  */
| #include <ac_nonexistent.h>
configure:3209: result: gcc -E
configure:3233: gcc -E  conftest.c
configure:3239: $? = 0
configure:3271: gcc -E  conftest.c
conftest.c:11:10: fatal error: 'ac_nonexistent.h' file not found
#include <ac_nonexistent.h>
         ^
1 error generated.
configure:3277: $? = 1
configure: failed program was:
| /* confdefs.h.  */
| 
| #define PACKAGE_NAME ""
| #define PACKAGE_TARNAME ""
| #define PACKAGE_VERSION ""
| #define PACKAGE_STRING ""
| #define PACKAGE_BUGREPORT ""
| #define PACKAGE "libiconv"
| #define VERSION "1.10"
| /* end confdefs.h.  */
| #include <ac_nonexistent.h>
configure:3322: checking for egrep
configure:3332: result: grep -E
configure:3338: checking whether gcc needs -traditional
conftest.c:11:10: fatal error: 'termio.h' file not found
#include <termio.h>
         ^
1 error generated.
configure:3380: result: no
configure:3400: checking for a BSD-compatible install
configure:3455: result: /usr/bin/install -c
configure:3474: checking build system type
configure:3492: result: i686-apple-darwin13.1.0
configure:3500: checking host system type
configure:3514: result: i686-apple-darwin13.1.0
configure:3548: checking for ld used by GCC
configure:3612: result: /Applications/Xcode.app/Contents/Developer/Toolchains/XcodeDefault.xctoolchain/usr/bin/ld
configure:3621: checking if the linker (/Applications/Xcode.app/Contents/Developer/Toolchains/XcodeDefault.xctoolchain/usr/bin/ld) is GNU ld
configure:3634: result: no
configure:3640: checking for shared library path variable
configure:3653: result: DYLD_LIBRARY_PATH
configure:3658: checking whether to activate relocatable installation
configure:3673: result: no
configure:3805: checking for ranlib
configure:3821: found /usr/bin/ranlib
configure:3832: result: ranlib
configure:3844: checking how to copy files
configure:3860: result: cp -p
configure:3864: checking how to make hard links
configure:3880: result: ln
configure:3884: checking whether ln -s works
configure:3888: result: yes
configure:3913: checking for AIX
configure:3935: result: no
configure:3941: checking for ANSI C header files
configure:3966: gcc -c -g -O2  conftest.c >&5
configure:3972: $? = 0
configure:3976: test -z 
			 || test ! -s conftest.err
configure:3979: $? = 0
configure:3982: test -s conftest.o
configure:3985: $? = 0
configure:4074: gcc -o conftest -g -O2   conftest.c  >&5
conftest.c:31:7: warning: implicitly declaring library function 'exit' with type 'void (int) __attribute__((noreturn))'
      exit(2);
      ^
conftest.c:31:7: note: please include the header <stdlib.h> or explicitly provide a declaration for 'exit'
1 warning generated.
configure:4077: $? = 0
configure:4079: ./conftest
configure:4082: $? = 0
configure:4097: result: yes
configure:4121: checking for sys/types.h
configure:4137: gcc -c -g -O2  conftest.c >&5
configure:4143: $? = 0
configure:4147: test -z 
			 || test ! -s conftest.err
configure:4150: $? = 0
configure:4153: test -s conftest.o
configure:4156: $? = 0
configure:4167: result: yes
configure:4121: checking for sys/stat.h
configure:4137: gcc -c -g -O2  conftest.c >&5
configure:4143: $? = 0
configure:4147: test -z 
			 || test ! -s conftest.err
configure:4150: $? = 0
configure:4153: test -s conftest.o
configure:4156: $? = 0
configure:4167: result: yes
configure:4121: checking for stdlib.h
configure:4137: gcc -c -g -O2  conftest.c >&5
configure:4143: $? = 0
configure:4147: test -z 
			 || test ! -s conftest.err
configure:4150: $? = 0
configure:4153: test -s conftest.o
configure:4156: $? = 0
configure:4167: result: yes
configure:4121: checking for string.h
configure:4137: gcc -c -g -O2  conftest.c >&5
configure:4143: $? = 0
configure:4147: test -z 
			 || test ! -s conftest.err
configure:4150: $? = 0
configure:4153: test -s conftest.o
configure:4156: $? = 0
configure:4167: result: yes
configure:4121: checking for memory.h
configure:4137: gcc -c -g -O2  conftest.c >&5
configure:4143: $? = 0
configure:4147: test -z 
			 || test ! -s conftest.err
configure:4150: $? = 0
configure:4153: test -s conftest.o
configure:4156: $? = 0
configure:4167: result: yes
configure:4121: checking for strings.h
configure:4137: gcc -c -g -O2  conftest.c >&5
configure:4143: $? = 0
configure:4147: test -z 
			 || test ! -s conftest.err
configure:4150: $? = 0
configure:4153: test -s conftest.o
configure:4156: $? = 0
configure:4167: result: yes
configure:4121: checking for inttypes.h
configure:4137: gcc -c -g -O2  conftest.c >&5
configure:4143: $? = 0
configure:4147: test -z 
			 || test ! -s conftest.err
configure:4150: $? = 0
configure:4153: test -s conftest.o
configure:4156: $? = 0
configure:4167: result: yes
configure:4121: checking for stdint.h
configure:4137: gcc -c -g -O2  conftest.c >&5
configure:4143: $? = 0
configure:4147: test -z 
			 || test ! -s conftest.err
configure:4150: $? = 0
configure:4153: test -s conftest.o
configure:4156: $? = 0
configure:4167: result: yes
configure:4121: checking for unistd.h
configure:4137: gcc -c -g -O2  conftest.c >&5
configure:4143: $? = 0
configure:4147: test -z 
			 || test ! -s conftest.err
configure:4150: $? = 0
configure:4153: test -s conftest.o
configure:4156: $? = 0
configure:4167: result: yes
configure:4189: checking minix/config.h usability
configure:4201: gcc -c -g -O2  conftest.c >&5
conftest.c:58:10: fatal error: 'minix/config.h' file not found
#include <minix/config.h>
         ^
1 error generated.
configure:4207: $? = 1
configure: failed program was:
| /* confdefs.h.  */
| 
| #define PACKAGE_NAME ""
| #define PACKAGE_TARNAME ""
| #define PACKAGE_VERSION ""
| #define PACKAGE_STRING ""
| #define PACKAGE_BUGREPORT ""
| #define PACKAGE "libiconv"
| #define VERSION "1.10"
| #define INSTALLPREFIX "/usr/local"
| #define _GNU_SOURCE 1
| #define __EXTENSIONS__ 1
| #define STDC_HEADERS 1
| #define HAVE_SYS_TYPES_H 1
| #define HAVE_SYS_STAT_H 1
| #define HAVE_STDLIB_H 1
| #define HAVE_STRING_H 1
| #define HAVE_MEMORY_H 1
| #define HAVE_STRINGS_H 1
| #define HAVE_INTTYPES_H 1
| #define HAVE_STDINT_H 1
| #define HAVE_UNISTD_H 1
| /* end confdefs.h.  */
| #include <stdio.h>
| #if HAVE_SYS_TYPES_H
| # include <sys/types.h>
| #endif
| #if HAVE_SYS_STAT_H
| # include <sys/stat.h>
| #endif
| #if STDC_HEADERS
| # include <stdlib.h>
| # include <stddef.h>
| #else
| # if HAVE_STDLIB_H
| #  include <stdlib.h>
| # endif
| #endif
| #if HAVE_STRING_H
| # if !STDC_HEADERS && HAVE_MEMORY_H
| #  include <memory.h>
| # endif
| # include <string.h>
| #endif
| #if HAVE_STRINGS_H
| # include <strings.h>
| #endif
| #if HAVE_INTTYPES_H
| # include <inttypes.h>
| #else
| # if HAVE_STDINT_H
| #  include <stdint.h>
| # endif
| #endif
| #if HAVE_UNISTD_H
| # include <unistd.h>
| #endif
| #include <minix/config.h>
configure:4230: result: no
configure:4234: checking minix/config.h presence
configure:4244: gcc -E  conftest.c
conftest.c:24:10: fatal error: 'minix/config.h' file not found
#include <minix/config.h>
         ^
1 error generated.
configure:4250: $? = 1
configure: failed program was:
| /* confdefs.h.  */
| 
| #define PACKAGE_NAME ""
| #define PACKAGE_TARNAME ""
| #define PACKAGE_VERSION ""
| #define PACKAGE_STRING ""
| #define PACKAGE_BUGREPORT ""
| #define PACKAGE "libiconv"
| #define VERSION "1.10"
| #define INSTALLPREFIX "/usr/local"
| #define _GNU_SOURCE 1
| #define __EXTENSIONS__ 1
| #define STDC_HEADERS 1
| #define HAVE_SYS_TYPES_H 1
| #define HAVE_SYS_STAT_H 1
| #define HAVE_STDLIB_H 1
| #define HAVE_STRING_H 1
| #define HAVE_MEMORY_H 1
| #define HAVE_STRINGS_H 1
| #define HAVE_INTTYPES_H 1
| #define HAVE_STDINT_H 1
| #define HAVE_UNISTD_H 1
| /* end confdefs.h.  */
| #include <minix/config.h>
configure:4270: result: no
configure:4305: checking for minix/config.h
configure:4312: result: no
configure:4341: checking for library containing strerror
configure:4371: gcc -o conftest -g -O2   conftest.c  >&5
conftest.c:31:6: warning: incompatible redeclaration of library function 'strerror' [-Wincompatible-library-redeclaration]
char strerror ();
     ^
conftest.c:31:6: note: 'strerror' is a builtin with type 'char *(int)'
1 warning generated.
configure:4377: $? = 0
configure:4381: test -z 
			 || test ! -s conftest.err
configure:4384: $? = 0
configure:4387: test -s conftest
configure:4390: $? = 0
configure:4460: result: none required
configure:4548: checking for a sed that does not truncate output
configure:4602: result: /usr/bin/sed
configure:4616: checking for ld used by gcc
configure:4683: result: /Applications/Xcode.app/Contents/Developer/Toolchains/XcodeDefault.xctoolchain/usr/bin/ld
configure:4692: checking if the linker (/Applications/Xcode.app/Contents/Developer/Toolchains/XcodeDefault.xctoolchain/usr/bin/ld) is GNU ld
configure:4707: result: no
configure:4712: checking for /Applications/Xcode.app/Contents/Developer/Toolchains/XcodeDefault.xctoolchain/usr/bin/ld option to reload object files
configure:4719: result: -r
configure:4737: checking for BSD-compatible nm
configure:4779: result: /usr/bin/nm
configure:4783: checking how to recognise dependent libraries
configure:4955: result: pass_all
configure:5417: checking dlfcn.h usability
configure:5429: gcc -c -g -O2  conftest.c >&5
configure:5435: $? = 0
configure:5439: test -z 
			 || test ! -s conftest.err
configure:5442: $? = 0
configure:5445: test -s conftest.o
configure:5448: $? = 0
configure:5458: result: yes
configure:5462: checking dlfcn.h presence
configure:5472: gcc -E  conftest.c
configure:5478: $? = 0
configure:5498: result: yes
configure:5533: checking for dlfcn.h
configure:5540: result: yes
configure:5605: checking for g++
configure:5621: found /usr/bin/g++
configure:5631: result: g++
configure:5647: checking for C++ compiler version
configure:5650: g++ --version </dev/null >&5
Configured with: --prefix=/Applications/Xcode.app/Contents/Developer/usr --with-gxx-include-dir=/usr/include/c++/4.2.1
Apple LLVM version 5.1 (clang-503.0.40) (based on LLVM 3.4svn)
Target: x86_64-apple-darwin13.1.0
Thread model: posix
configure:5653: $? = 0
configure:5655: g++ -v </dev/null >&5
Configured with: --prefix=/Applications/Xcode.app/Contents/Developer/usr --with-gxx-include-dir=/usr/include/c++/4.2.1
Apple LLVM version 5.1 (clang-503.0.40) (based on LLVM 3.4svn)
Target: x86_64-apple-darwin13.1.0
Thread model: posix
configure:5658: $? = 0
configure:5660: g++ -V </dev/null >&5
clang: error: argument to '-V' is missing (expected 1 value)
clang: error: no input files
configure:5663: $? = 1
configure:5666: checking whether we are using the GNU C++ compiler
configure:5690: g++ -c   conftest.cc >&5
configure:5696: $? = 0
configure:5700: test -z 
			 || test ! -s conftest.err
configure:5703: $? = 0
configure:5706: test -s conftest.o
configure:5709: $? = 0
configure:5722: result: yes
configure:5728: checking whether g++ accepts -g
configure:5749: g++ -c -g  conftest.cc >&5
configure:5755: $? = 0
configure:5759: test -z 
			 || test ! -s conftest.err
configure:5762: $? = 0
configure:5765: test -s conftest.o
configure:5768: $? = 0
configure:5779: result: yes
configure:5821: g++ -c -g -O2  conftest.cc >&5
configure:5827: $? = 0
configure:5831: test -z 
			 || test ! -s conftest.err
configure:5834: $? = 0
configure:5837: test -s conftest.o
configure:5840: $? = 0
configure:5866: g++ -c -g -O2  conftest.cc >&5
conftest.cc:29:1: error: use of undeclared identifier 'exit'
exit (42);
^
1 error generated.
configure:5872: $? = 1
configure: failed program was:
| /* confdefs.h.  */
| 
| #define PACKAGE_NAME ""
| #define PACKAGE_TARNAME ""
| #define PACKAGE_VERSION ""
| #define PACKAGE_STRING ""
| #define PACKAGE_BUGREPORT ""
| #define PACKAGE "libiconv"
| #define VERSION "1.10"
| #define INSTALLPREFIX "/usr/local"
| #define _GNU_SOURCE 1
| #define __EXTENSIONS__ 1
| #define STDC_HEADERS 1
| #define HAVE_SYS_TYPES_H 1
| #define HAVE_SYS_STAT_H 1
| #define HAVE_STDLIB_H 1
| #define HAVE_STRING_H 1
| #define HAVE_MEMORY_H 1
| #define HAVE_STRINGS_H 1
| #define HAVE_INTTYPES_H 1
| #define HAVE_STDINT_H 1
| #define HAVE_UNISTD_H 1
| #define HAVE_DLFCN_H 1
| /* end confdefs.h.  */
| 
| int
| main ()
| {
| exit (42);
|   ;
|   return 0;
| }
configure:5821: g++ -c -g -O2  conftest.cc >&5
conftest.cc:25:17: error: use of undeclared identifier 'std'
extern "C" void std::exit (int) throw (); using std::exit;
                ^
conftest.cc:25:49: error: use of undeclared identifier 'std'
extern "C" void std::exit (int) throw (); using std::exit;
                                                ^
2 errors generated.
configure:5827: $? = 1
configure: failed program was:
| /* confdefs.h.  */
| 
| #define PACKAGE_NAME ""
| #define PACKAGE_TARNAME ""
| #define PACKAGE_VERSION ""
| #define PACKAGE_STRING ""
| #define PACKAGE_BUGREPORT ""
| #define PACKAGE "libiconv"
| #define VERSION "1.10"
| #define INSTALLPREFIX "/usr/local"
| #define _GNU_SOURCE 1
| #define __EXTENSIONS__ 1
| #define STDC_HEADERS 1
| #define HAVE_SYS_TYPES_H 1
| #define HAVE_SYS_STAT_H 1
| #define HAVE_STDLIB_H 1
| #define HAVE_STRING_H 1
| #define HAVE_MEMORY_H 1
| #define HAVE_STRINGS_H 1
| #define HAVE_INTTYPES_H 1
| #define HAVE_STDINT_H 1
| #define HAVE_UNISTD_H 1
| #define HAVE_DLFCN_H 1
| /* end confdefs.h.  */
| extern "C" void std::exit (int) throw (); using std::exit;
| #include <stdlib.h>
| int
| main ()
| {
| exit (42);
|   ;
|   return 0;
| }
configure:5821: g++ -c -g -O2  conftest.cc >&5
conftest.cc:25:17: error: use of undeclared identifier 'std'
extern "C" void std::exit (int); using std::exit;
                ^
conftest.cc:25:40: error: use of undeclared identifier 'std'
extern "C" void std::exit (int); using std::exit;
                                       ^
2 errors generated.
configure:5827: $? = 1
configure: failed program was:
| /* confdefs.h.  */
| 
| #define PACKAGE_NAME ""
| #define PACKAGE_TARNAME ""
| #define PACKAGE_VERSION ""
| #define PACKAGE_STRING ""
| #define PACKAGE_BUGREPORT ""
| #define PACKAGE "libiconv"
| #define VERSION "1.10"
| #define INSTALLPREFIX "/usr/local"
| #define _GNU_SOURCE 1
| #define __EXTENSIONS__ 1
| #define STDC_HEADERS 1
| #define HAVE_SYS_TYPES_H 1
| #define HAVE_SYS_STAT_H 1
| #define HAVE_STDLIB_H 1
| #define HAVE_STRING_H 1
| #define HAVE_MEMORY_H 1
| #define HAVE_STRINGS_H 1
| #define HAVE_INTTYPES_H 1
| #define HAVE_STDINT_H 1
| #define HAVE_UNISTD_H 1
| #define HAVE_DLFCN_H 1
| /* end confdefs.h.  */
| extern "C" void std::exit (int); using std::exit;
| #include <stdlib.h>
| int
| main ()
| {
| exit (42);
|   ;
|   return 0;
| }
configure:5821: g++ -c -g -O2  conftest.cc >&5
configure:5827: $? = 0
configure:5831: test -z 
			 || test ! -s conftest.err
configure:5834: $? = 0
configure:5837: test -s conftest.o
configure:5840: $? = 0
configure:5866: g++ -c -g -O2  conftest.cc >&5
configure:5872: $? = 0
configure:5876: test -z 
			 || test ! -s conftest.err
configure:5879: $? = 0
configure:5882: test -s conftest.o
configure:5885: $? = 0
configure:5910: checking dependency style of g++
configure:6000: result: none
configure:6027: checking how to run the C++ preprocessor
configure:6058: g++ -E  conftest.cc
configure:6064: $? = 0
configure:6096: g++ -E  conftest.cc
conftest.cc:28:10: fatal error: 'ac_nonexistent.h' file not found
#include <ac_nonexistent.h>
         ^
1 error generated.
configure:6102: $? = 1
configure: failed program was:
| /* confdefs.h.  */
| 
| #define PACKAGE_NAME ""
| #define PACKAGE_TARNAME ""
| #define PACKAGE_VERSION ""
| #define PACKAGE_STRING ""
| #define PACKAGE_BUGREPORT ""
| #define PACKAGE "libiconv"
| #define VERSION "1.10"
| #define INSTALLPREFIX "/usr/local"
| #define _GNU_SOURCE 1
| #define __EXTENSIONS__ 1
| #define STDC_HEADERS 1
| #define HAVE_SYS_TYPES_H 1
| #define HAVE_SYS_STAT_H 1
| #define HAVE_STDLIB_H 1
| #define HAVE_STRING_H 1
| #define HAVE_MEMORY_H 1
| #define HAVE_STRINGS_H 1
| #define HAVE_INTTYPES_H 1
| #define HAVE_STDINT_H 1
| #define HAVE_UNISTD_H 1
| #define HAVE_DLFCN_H 1
| #ifdef __cplusplus
| extern "C" void exit (int) throw ();
| #endif
| /* end confdefs.h.  */
| #include <ac_nonexistent.h>
configure:6141: result: g++ -E
configure:6165: g++ -E  conftest.cc
configure:6171: $? = 0
configure:6203: g++ -E  conftest.cc
conftest.cc:28:10: fatal error: 'ac_nonexistent.h' file not found
#include <ac_nonexistent.h>
         ^
1 error generated.
configure:6209: $? = 1
configure: failed program was:
| /* confdefs.h.  */
| 
| #define PACKAGE_NAME ""
| #define PACKAGE_TARNAME ""
| #define PACKAGE_VERSION ""
| #define PACKAGE_STRING ""
| #define PACKAGE_BUGREPORT ""
| #define PACKAGE "libiconv"
| #define VERSION "1.10"
| #define INSTALLPREFIX "/usr/local"
| #define _GNU_SOURCE 1
| #define __EXTENSIONS__ 1
| #define STDC_HEADERS 1
| #define HAVE_SYS_TYPES_H 1
| #define HAVE_SYS_STAT_H 1
| #define HAVE_STDLIB_H 1
| #define HAVE_STRING_H 1
| #define HAVE_MEMORY_H 1
| #define HAVE_STRINGS_H 1
| #define HAVE_INTTYPES_H 1
| #define HAVE_STDINT_H 1
| #define HAVE_UNISTD_H 1
| #define HAVE_DLFCN_H 1
| #ifdef __cplusplus
| extern "C" void exit (int) throw ();
| #endif
| /* end confdefs.h.  */
| #include <ac_nonexistent.h>
configure:6306: checking for g77
configure:6335: result: no
configure:6306: checking for f77
configure:6335: result: no
configure:6306: checking for xlf
configure:6335: result: no
configure:6306: checking for frt
configure:6335: result: no
configure:6306: checking for pgf77
configure:6335: result: no
configure:6306: checking for fort77
configure:6335: result: no
configure:6306: checking for fl32
configure:6335: result: no
configure:6306: checking for af77
configure:6335: result: no
configure:6306: checking for f90
configure:6335: result: no
configure:6306: checking for xlf90
configure:6335: result: no
configure:6306: checking for pgf90
configure:6335: result: no
configure:6306: checking for epcf90
configure:6335: result: no
configure:6306: checking for f95
configure:6335: result: no
configure:6306: checking for fort
configure:6335: result: no
configure:6306: checking for xlf95
configure:6335: result: no
configure:6306: checking for ifc
configure:6335: result: no
configure:6306: checking for efc
configure:6335: result: no
configure:6306: checking for pgf95
configure:6335: result: no
configure:6306: checking for lf95
configure:6335: result: no
configure:6306: checking for gfortran
configure:6335: result: no
configure:6347: checking for Fortran 77 compiler version
configure:6350:  --version </dev/null >&5
./configure: line 6351: --version: command not found
configure:6353: $? = 127
configure:6355:  -v </dev/null >&5
./configure: line 6356: -v: command not found
configure:6358: $? = 127
configure:6360:  -V </dev/null >&5
./configure: line 6361: -V: command not found
configure:6363: $? = 127
configure:6371: checking whether we are using the GNU Fortran 77 compiler
configure:6385:  -c  conftest.F >&5
./configure: line 6386: -c: command not found
configure:6391: $? = 127
configure: failed program was:
|       program main
| #ifndef __GNUC__
|        choke me
| #endif
| 
|       end
configure:6417: result: no
configure:6423: checking whether  accepts -g
configure:6435:  -c -g conftest.f >&5
./configure: line 6436: -c: command not found
configure:6441: $? = 127
configure: failed program was:
|       program main
| 
|       end
configure:6466: result: no
configure:6496: checking the maximum length of command line arguments
configure:6575: result: 65536
configure:6586: checking command to parse /usr/bin/nm output from gcc object
configure:6682: gcc -c -g -O2  conftest.c >&5
configure:6685: $? = 0
configure:6689: /usr/bin/nm conftest.o \| sed -n -e 's/^.*[ 	]\([BCDEGRST][BCDEGRST]*\)[ 	][ 	]*\(\)\([_A-Za-z][_A-Za-z0-9]*\)$/\1 \2\3 \3/p' \> conftest.nm
configure:6692: $? = 0
cannot find nm_test_var in conftest.nm
configure:6682: gcc -c -g -O2  conftest.c >&5
configure:6685: $? = 0
configure:6689: /usr/bin/nm conftest.o \| sed -n -e 's/^.*[ 	]\([BCDEGRST][BCDEGRST]*\)[ 	][ 	]*\(_\)\([_A-Za-z][_A-Za-z0-9]*\)$/\1 \2\3 \3/p' \> conftest.nm
configure:6692: $? = 0
configure:6744: gcc -o conftest -g -O2   conftest.c conftstm.o >&5
configure:6747: $? = 0
configure:6785: result: ok
configure:6789: checking for objdir
configure:6804: result: .libs
configure:6894: checking for ar
configure:6910: found /usr/bin/ar
configure:6921: result: ar
configure:6974: checking for ranlib
configure:7001: result: ranlib
configure:7054: checking for strip
configure:7070: found /usr/bin/strip
configure:7081: result: strip
configure:7345: checking if gcc static flag  works
configure:7368: result: yes
configure:7390: checking if gcc supports -fno-rtti -fno-exceptions
configure:7408: gcc -c -g -O2  -fno-rtti -fno-exceptions conftest.c >&5
configure:7412: $? = 0
configure:7423: result: yes
configure:7438: checking for gcc option to produce PIC
configure:7628: result: -fno-common
configure:7636: checking if gcc PIC flag -fno-common works
configure:7654: gcc -c -g -O2  -fno-common -DPIC conftest.c >&5
configure:7658: $? = 0
configure:7669: result: yes
configure:7693: checking if gcc supports -c -o file.o
configure:7714: gcc -c -g -O2  -o out/conftest2.o conftest.c >&5
configure:7718: $? = 0
configure:7738: result: yes
configure:7764: checking whether the gcc linker (/Applications/Xcode.app/Contents/Developer/Toolchains/XcodeDefault.xctoolchain/usr/bin/ld) supports shared libraries
configure:8613: result: yes
configure:8684: checking dynamic linker characteristics
configure:9225: result: darwin13.1.0 dyld
configure:9229: checking how to hardcode library paths into programs
configure:9254: result: immediate
configure:9268: checking whether stripping libraries is possible
configure:9281: result: yes
configure:10103: checking if libtool supports shared libraries
configure:10105: result: yes
configure:10108: checking whether to build shared libraries
configure:10129: result: yes
configure:10132: checking whether to build static libraries
configure:10136: result: no
configure:10228: creating libtool
configure:10778: checking for ld used by g++
configure:10845: result: /Applications/Xcode.app/Contents/Developer/Toolchains/XcodeDefault.xctoolchain/usr/bin/ld
configure:10854: checking if the linker (/Applications/Xcode.app/Contents/Developer/Toolchains/XcodeDefault.xctoolchain/usr/bin/ld) is GNU ld
configure:10869: result: no
configure:10920: checking whether the g++ linker (/Applications/Xcode.app/Contents/Developer/Toolchains/XcodeDefault.xctoolchain/usr/bin/ld) supports shared libraries
configure:11787: result: yes
configure:11809: g++ -c -g -O2  conftest.cc >&5
configure:11812: $? = 0
configure:11908: checking for g++ option to produce PIC
configure:12170: result: -fno-common
configure:12178: checking if g++ PIC flag -fno-common works
configure:12196: g++ -c -g -O2  -fno-common -DPIC conftest.cc >&5
configure:12200: $? = 0
configure:12211: result: yes
configure:12235: checking if g++ supports -c -o file.o
configure:12256: g++ -c -g -O2  -o out/conftest2.o conftest.cc >&5
configure:12260: $? = 0
configure:12280: result: yes
configure:12306: checking whether the g++ linker (/Applications/Xcode.app/Contents/Developer/Toolchains/XcodeDefault.xctoolchain/usr/bin/ld) supports shared libraries
configure:12331: result: yes
configure:12402: checking dynamic linker characteristics
configure:12943: result: darwin13.1.0 dyld
configure:12947: checking how to hardcode library paths into programs
configure:12972: result: immediate
configure:12986: checking whether stripping libraries is possible
configure:12999: result: yes
configure:20277: checking for shared library run path origin
configure:20290: result: done
configure:20720: checking for iconv
configure:20747: gcc -o conftest -g -O2   conftest.c  >&5
Undefined symbols for architecture x86_64:
  "_iconv", referenced from:
      _main in conftest-60fa0a.o
  "_iconv_close", referenced from:
      _main in conftest-60fa0a.o
  "_iconv_open", referenced from:
      _main in conftest-60fa0a.o
ld: symbol(s) not found for architecture x86_64
clang: error: linker command failed with exit code 1 (use -v to see invocation)
configure:20753: $? = 1
configure: failed program was:
| /* confdefs.h.  */
| 
| #define PACKAGE_NAME ""
| #define PACKAGE_TARNAME ""
| #define PACKAGE_VERSION ""
| #define PACKAGE_STRING ""
| #define PACKAGE_BUGREPORT ""
| #define PACKAGE "libiconv"
| #define VERSION "1.10"
| #define INSTALLPREFIX "/usr/local"
| #define _GNU_SOURCE 1
| #define __EXTENSIONS__ 1
| #define STDC_HEADERS 1
| #define HAVE_SYS_TYPES_H 1
| #define HAVE_SYS_STAT_H 1
| #define HAVE_STDLIB_H 1
| #define HAVE_STRING_H 1
| #define HAVE_MEMORY_H 1
| #define HAVE_STRINGS_H 1
| #define HAVE_INTTYPES_H 1
| #define HAVE_STDINT_H 1
| #define HAVE_UNISTD_H 1
| #define HAVE_DLFCN_H 1
| #ifdef __cplusplus
| extern "C" void exit (int) throw ();
| #endif
| /* end confdefs.h.  */
| #include <stdlib.h>
| #include <iconv.h>
| int
| main ()
| {
| iconv_t cd = iconv_open("","");
|        iconv(cd,NULL,NULL,NULL,NULL);
|        iconv_close(cd);
|   ;
|   return 0;
| }
configure:20798: gcc -o conftest -g -O2   conftest.c  -liconv >&5
configure:20804: $? = 0
configure:20808: test -z 
			 || test ! -s conftest.err
configure:20811: $? = 0
configure:20814: test -s conftest
configure:20817: $? = 0
configure:20832: result: yes
configure:20842: checking how to link with libiconv
configure:20844: result: -liconv
configure:20855: checking for iconv declaration
configure:20889: gcc -c -g -O2  conftest.c >&5
configure:20895: $? = 0
configure:20899: test -z 
			 || test ! -s conftest.err
configure:20902: $? = 0
configure:20905: test -s conftest.o
configure:20908: $? = 0
configure:20923: result: 
         extern size_t iconv (iconv_t cd, char * *inbuf, size_t *inbytesleft, char * *outbuf, size_t *outbytesleft);
configure:20947: checking whether NLS is requested
configure:20956: result: yes
configure:20994: checking for msgfmt
configure:21028: result: no
configure:21034: checking for gmsgfmt
configure:21065: result: :
configure:21104: checking for xgettext
configure:21138: result: no
configure:21175: checking for msgmerge
configure:21208: result: no
configure:21256: checking whether NLS is requested
configure:21265: result: yes
configure:21283: checking for GNU gettext in libc
configure:21307: gcc -o conftest -g -O2   conftest.c  >&5
conftest.c:30:10: fatal error: 'libintl.h' file not found
#include <libintl.h>
         ^
1 error generated.
configure:21313: $? = 1
configure: failed program was:
| /* confdefs.h.  */
| 
| #define PACKAGE_NAME ""
| #define PACKAGE_TARNAME ""
| #define PACKAGE_VERSION ""
| #define PACKAGE_STRING ""
| #define PACKAGE_BUGREPORT ""
| #define PACKAGE "libiconv"
| #define VERSION "1.10"
| #define INSTALLPREFIX "/usr/local"
| #define _GNU_SOURCE 1
| #define __EXTENSIONS__ 1
| #define STDC_HEADERS 1
| #define HAVE_SYS_TYPES_H 1
| #define HAVE_SYS_STAT_H 1
| #define HAVE_STDLIB_H 1
| #define HAVE_STRING_H 1
| #define HAVE_MEMORY_H 1
| #define HAVE_STRINGS_H 1
| #define HAVE_INTTYPES_H 1
| #define HAVE_STDINT_H 1
| #define HAVE_UNISTD_H 1
| #define HAVE_DLFCN_H 1
| #ifdef __cplusplus
| extern "C" void exit (int) throw ();
| #endif
| #define HAVE_ICONV 1
| #define ICONV_CONST 
| /* end confdefs.h.  */
| #include <libintl.h>
| extern int _nl_msg_cat_cntr;
| extern int *_nl_domain_bindings;
| int
| main ()
| {
| bindtextdomain ("", "");
| return (int) gettext ("") + _nl_msg_cat_cntr + *_nl_domain_bindings
|   ;
|   return 0;
| }
configure:21338: result: no
configure:21372: checking for iconv
configure:21484: result: yes
configure:21494: checking how to link with libiconv
configure:21496: result: -liconv
configure:21885: checking for GNU gettext in libintl
configure:21917: gcc -o conftest -g -O2    conftest.c  -lintl >&5
conftest.c:31:10: fatal error: 'libintl.h' file not found
#include <libintl.h>
         ^
1 error generated.
configure:21923: $? = 1
configure: failed program was:
| /* confdefs.h.  */
| 
| #define PACKAGE_NAME ""
| #define PACKAGE_TARNAME ""
| #define PACKAGE_VERSION ""
| #define PACKAGE_STRING ""
| #define PACKAGE_BUGREPORT ""
| #define PACKAGE "libiconv"
| #define VERSION "1.10"
| #define INSTALLPREFIX "/usr/local"
| #define _GNU_SOURCE 1
| #define __EXTENSIONS__ 1
| #define STDC_HEADERS 1
| #define HAVE_SYS_TYPES_H 1
| #define HAVE_SYS_STAT_H 1
| #define HAVE_STDLIB_H 1
| #define HAVE_STRING_H 1
| #define HAVE_MEMORY_H 1
| #define HAVE_STRINGS_H 1
| #define HAVE_INTTYPES_H 1
| #define HAVE_STDINT_H 1
| #define HAVE_UNISTD_H 1
| #define HAVE_DLFCN_H 1
| #ifdef __cplusplus
| extern "C" void exit (int) throw ();
| #endif
| #define HAVE_ICONV 1
| #define ICONV_CONST 
| #define HAVE_ICONV 1
| /* end confdefs.h.  */
| #include <libintl.h>
| extern int _nl_msg_cat_cntr;
| extern
| #ifdef __cplusplus
| "C"
| #endif
| const char *_nl_expand_alias ();
| int
| main ()
| {
| bindtextdomain ("", "");
| return (int) gettext ("") + _nl_msg_cat_cntr + *_nl_expand_alias (0)
|   ;
|   return 0;
| }
configure:21972: gcc -o conftest -g -O2    conftest.c  -lintl -liconv >&5
conftest.c:31:10: fatal error: 'libintl.h' file not found
#include <libintl.h>
         ^
1 error generated.
configure:21978: $? = 1
configure: failed program was:
| /* confdefs.h.  */
| 
| #define PACKAGE_NAME ""
| #define PACKAGE_TARNAME ""
| #define PACKAGE_VERSION ""
| #define PACKAGE_STRING ""
| #define PACKAGE_BUGREPORT ""
| #define PACKAGE "libiconv"
| #define VERSION "1.10"
| #define INSTALLPREFIX "/usr/local"
| #define _GNU_SOURCE 1
| #define __EXTENSIONS__ 1
| #define STDC_HEADERS 1
| #define HAVE_SYS_TYPES_H 1
| #define HAVE_SYS_STAT_H 1
| #define HAVE_STDLIB_H 1
| #define HAVE_STRING_H 1
| #define HAVE_MEMORY_H 1
| #define HAVE_STRINGS_H 1
| #define HAVE_INTTYPES_H 1
| #define HAVE_STDINT_H 1
| #define HAVE_UNISTD_H 1
| #define HAVE_DLFCN_H 1
| #ifdef __cplusplus
| extern "C" void exit (int) throw ();
| #endif
| #define HAVE_ICONV 1
| #define ICONV_CONST 
| #define HAVE_ICONV 1
| /* end confdefs.h.  */
| #include <libintl.h>
| extern int _nl_msg_cat_cntr;
| extern
| #ifdef __cplusplus
| "C"
| #endif
| const char *_nl_expand_alias ();
| int
| main ()
| {
| bindtextdomain ("", "");
| return (int) gettext ("") + _nl_msg_cat_cntr + *_nl_expand_alias (0)
|   ;
|   return 0;
| }
configure:22008: result: no
configure:22037: checking whether to use NLS
configure:22039: result: no
configure:22116: checking for ANSI C header files
configure:22272: result: yes
configure:22299: checking locale.h usability
configure:22311: gcc -c -g -O2  conftest.c >&5
configure:22317: $? = 0
configure:22321: test -z 
			 || test ! -s conftest.err
configure:22324: $? = 0
configure:22327: test -s conftest.o
configure:22330: $? = 0
configure:22340: result: yes
configure:22344: checking locale.h presence
configure:22354: gcc -E  conftest.c
configure:22360: $? = 0
configure:22380: result: yes
configure:22415: checking for locale.h
configure:22422: result: yes
configure:22299: checking stddef.h usability
configure:22311: gcc -c -g -O2  conftest.c >&5
configure:22317: $? = 0
configure:22321: test -z 
			 || test ! -s conftest.err
configure:22324: $? = 0
configure:22327: test -s conftest.o
configure:22330: $? = 0
configure:22340: result: yes
configure:22344: checking stddef.h presence
configure:22354: gcc -E  conftest.c
configure:22360: $? = 0
configure:22380: result: yes
configure:22415: checking for stddef.h
configure:22422: result: yes
configure:22290: checking for stdlib.h
configure:22295: result: yes
configure:22290: checking for string.h
configure:22295: result: yes
configure:22443: checking for stdlib.h
configure:22448: result: yes
configure:22589: checking for mbstate_t
configure:22614: gcc -c -g -O2  conftest.c >&5
configure:22620: $? = 0
configure:22624: test -z 
			 || test ! -s conftest.err
configure:22627: $? = 0
configure:22630: test -s conftest.o
configure:22633: $? = 0
configure:22644: result: yes
configure:22654: checking for inttypes.h
configure:22677: gcc -c -g -O2  conftest.c >&5
configure:22683: $? = 0
configure:22687: test -z 
			 || test ! -s conftest.err
configure:22690: $? = 0
configure:22693: test -s conftest.o
configure:22696: $? = 0
configure:22708: result: yes
configure:22733: checking sys/inttypes.h usability
configure:22745: gcc -c -g -O2  conftest.c >&5
conftest.c:72:10: fatal error: 'sys/inttypes.h' file not found
#include <sys/inttypes.h>
         ^
1 error generated.
configure:22751: $? = 1
configure: failed program was:
| /* confdefs.h.  */
| 
| #define PACKAGE_NAME ""
| #define PACKAGE_TARNAME ""
| #define PACKAGE_VERSION ""
| #define PACKAGE_STRING ""
| #define PACKAGE_BUGREPORT ""
| #define PACKAGE "libiconv"
| #define VERSION "1.10"
| #define INSTALLPREFIX "/usr/local"
| #define _GNU_SOURCE 1
| #define __EXTENSIONS__ 1
| #define STDC_HEADERS 1
| #define HAVE_SYS_TYPES_H 1
| #define HAVE_SYS_STAT_H 1
| #define HAVE_STDLIB_H 1
| #define HAVE_STRING_H 1
| #define HAVE_MEMORY_H 1
| #define HAVE_STRINGS_H 1
| #define HAVE_INTTYPES_H 1
| #define HAVE_STDINT_H 1
| #define HAVE_UNISTD_H 1
| #define HAVE_DLFCN_H 1
| #ifdef __cplusplus
| extern "C" void exit (int) throw ();
| #endif
| #define HAVE_ICONV 1
| #define ICONV_CONST 
| #define HAVE_ICONV 1
| #define STDC_HEADERS 1
| #define HAVE_LOCALE_H 1
| #define HAVE_STDDEF_H 1
| #define HAVE_STDLIB_H 1
| #define HAVE_STRING_H 1
| #define HAVE_STDLIB_H 1
| #define HAVE_INTTYPES_H 1
| /* end confdefs.h.  */
| #include <stdio.h>
| #if HAVE_SYS_TYPES_H
| # include <sys/types.h>
| #endif
| #if HAVE_SYS_STAT_H
| # include <sys/stat.h>
| #endif
| #if STDC_HEADERS
| # include <stdlib.h>
| # include <stddef.h>
| #else
| # if HAVE_STDLIB_H
| #  include <stdlib.h>
| # endif
| #endif
| #if HAVE_STRING_H
| # if !STDC_HEADERS && HAVE_MEMORY_H
| #  include <memory.h>
| # endif
| # include <string.h>
| #endif
| #if HAVE_STRINGS_H
| # include <strings.h>
| #endif
| #if HAVE_INTTYPES_H
| # include <inttypes.h>
| #else
| # if HAVE_STDINT_H
| #  include <stdint.h>
| # endif
| #endif
| #if HAVE_UNISTD_H
| # include <unistd.h>
| #endif
| #include <sys/inttypes.h>
configure:22774: result: no
configure:22778: checking sys/inttypes.h presence
configure:22788: gcc -E  conftest.c
conftest.c:38:10: fatal error: 'sys/inttypes.h' file not found
#include <sys/inttypes.h>
         ^
1 error generated.
configure:22794: $? = 1
configure: failed program was:
| /* confdefs.h.  */
| 
| #define PACKAGE_NAME ""
| #define PACKAGE_TARNAME ""
| #define PACKAGE_VERSION ""
| #define PACKAGE_STRING ""
| #define PACKAGE_BUGREPORT ""
| #define PACKAGE "libiconv"
| #define VERSION "1.10"
| #define INSTALLPREFIX "/usr/local"
| #define _GNU_SOURCE 1
| #define __EXTENSIONS__ 1
| #define STDC_HEADERS 1
| #define HAVE_SYS_TYPES_H 1
| #define HAVE_SYS_STAT_H 1
| #define HAVE_STDLIB_H 1
| #define HAVE_STRING_H 1
| #define HAVE_MEMORY_H 1
| #define HAVE_STRINGS_H 1
| #define HAVE_INTTYPES_H 1
| #define HAVE_STDINT_H 1
| #define HAVE_UNISTD_H 1
| #define HAVE_DLFCN_H 1
| #ifdef __cplusplus
| extern "C" void exit (int) throw ();
| #endif
| #define HAVE_ICONV 1
| #define ICONV_CONST 
| #define HAVE_ICONV 1
| #define STDC_HEADERS 1
| #define HAVE_LOCALE_H 1
| #define HAVE_STDDEF_H 1
| #define HAVE_STDLIB_H 1
| #define HAVE_STRING_H 1
| #define HAVE_STDLIB_H 1
| #define HAVE_INTTYPES_H 1
| /* end confdefs.h.  */
| #include <sys/inttypes.h>
configure:22814: result: no
configure:22849: checking for sys/inttypes.h
configure:22856: result: no
configure:22870: checking for stdint.h
configure:22892: gcc -c -g -O2  conftest.c >&5
configure:22898: $? = 0
configure:22902: test -z 
			 || test ! -s conftest.err
configure:22905: $? = 0
configure:22908: test -s conftest.o
configure:22911: $? = 0
configure:22923: result: yes
configure:23085: checking for getc_unlocked
configure:23142: gcc -o conftest -g -O2   conftest.c  >&5
configure:23148: $? = 0
configure:23152: test -z 
			 || test ! -s conftest.err
configure:23155: $? = 0
configure:23158: test -s conftest
configure:23161: $? = 0
configure:23173: result: yes
configure:23085: checking for mbrtowc
configure:23142: gcc -o conftest -g -O2   conftest.c  >&5
configure:23148: $? = 0
configure:23152: test -z 
			 || test ! -s conftest.err
configure:23155: $? = 0
configure:23158: test -s conftest
configure:23161: $? = 0
configure:23173: result: yes
configure:23085: checking for wcrtomb
configure:23142: gcc -o conftest -g -O2   conftest.c  >&5
configure:23148: $? = 0
configure:23152: test -z 
			 || test ! -s conftest.err
configure:23155: $? = 0
configure:23158: test -s conftest
configure:23161: $? = 0
configure:23173: result: yes
configure:23085: checking for mbsinit
configure:23142: gcc -o conftest -g -O2   conftest.c  >&5
configure:23148: $? = 0
configure:23152: test -z 
			 || test ! -s conftest.err
configure:23155: $? = 0
configure:23158: test -s conftest
configure:23161: $? = 0
configure:23173: result: yes
configure:23085: checking for setlocale
configure:23142: gcc -o conftest -g -O2   conftest.c  >&5
configure:23148: $? = 0
configure:23152: test -z 
			 || test ! -s conftest.err
configure:23155: $? = 0
configure:23158: test -s conftest
configure:23161: $? = 0
configure:23173: result: yes
configure:23187: checking for memmove
configure:23244: gcc -o conftest -g -O2   conftest.c  >&5
conftest.c:68:6: warning: incompatible redeclaration of library function 'memmove' [-Wincompatible-library-redeclaration]
char memmove ();
     ^
conftest.c:68:6: note: 'memmove' is a builtin with type 'void *(void *, const void *, unsigned long)'
1 warning generated.
configure:23250: $? = 0
configure:23254: test -z 
			 || test ! -s conftest.err
configure:23257: $? = 0
configure:23260: test -s conftest
configure:23263: $? = 0
configure:23275: result: yes
configure:23297: checking for nl_langinfo and CODESET
configure:23318: gcc -o conftest -g -O2   conftest.c  >&5
configure:23324: $? = 0
configure:23328: test -z 
			 || test ! -s conftest.err
configure:23331: $? = 0
configure:23334: test -s conftest
configure:23337: $? = 0
configure:23350: result: yes
configure:23377: checking wchar.h usability
configure:23389: gcc -c -g -O2  conftest.c >&5
configure:23395: $? = 0
configure:23399: test -z 
			 || test ! -s conftest.err
configure:23402: $? = 0
configure:23405: test -s conftest.o
configure:23408: $? = 0
configure:23418: result: yes
configure:23422: checking wchar.h presence
configure:23432: gcc -E  conftest.c
configure:23438: $? = 0
configure:23458: result: yes
configure:23493: checking for wchar.h
configure:23500: result: yes
configure:23514: checking for EILSEQ
configure:23945: result: yes
configure:23958: checking byte ordering
configure:23986: gcc -o conftest -g -O2   conftest.c  >&5
conftest.c:55:3: warning: implicitly declaring library function 'exit' with type 'void (int) __attribute__((noreturn))'
  exit (u.c[0] == 1);
  ^
conftest.c:55:3: note: please include the header <stdlib.h> or explicitly provide a declaration for 'exit'
1 warning generated.
configure:23989: $? = 0
configure:23991: ./conftest
configure:23994: $? = 1
configure: program exited with status 1
configure: failed program was:
| /* confdefs.h.  */
| 
| #define PACKAGE_NAME ""
| #define PACKAGE_TARNAME ""
| #define PACKAGE_VERSION ""
| #define PACKAGE_STRING ""
| #define PACKAGE_BUGREPORT ""
| #define PACKAGE "libiconv"
| #define VERSION "1.10"
| #define INSTALLPREFIX "/usr/local"
| #define _GNU_SOURCE 1
| #define __EXTENSIONS__ 1
| #define STDC_HEADERS 1
| #define HAVE_SYS_TYPES_H 1
| #define HAVE_SYS_STAT_H 1
| #define HAVE_STDLIB_H 1
| #define HAVE_STRING_H 1
| #define HAVE_MEMORY_H 1
| #define HAVE_STRINGS_H 1
| #define HAVE_INTTYPES_H 1
| #define HAVE_STDINT_H 1
| #define HAVE_UNISTD_H 1
| #define HAVE_DLFCN_H 1
| #ifdef __cplusplus
| extern "C" void exit (int) throw ();
| #endif
| #define HAVE_ICONV 1
| #define ICONV_CONST 
| #define HAVE_ICONV 1
| #define STDC_HEADERS 1
| #define HAVE_LOCALE_H 1
| #define HAVE_STDDEF_H 1
| #define HAVE_STDLIB_H 1
| #define HAVE_STRING_H 1
| #define HAVE_STDLIB_H 1
| #define HAVE_INTTYPES_H 1
| #define HAVE_STDINT_H 1
| #define HAVE_GETC_UNLOCKED 1
| #define HAVE_MBRTOWC 1
| #define HAVE_WCRTOMB 1
| #define HAVE_MBSINIT 1
| #define HAVE_SETLOCALE 1
| #define HAVE_MEMMOVE 1
| #define HAVE_LANGINFO_CODESET 1
| #define HAVE_WCHAR_H 1
| /* end confdefs.h.  */
| int main () {
|   /* Are we little or big endian?  From Harbison&Steele.  */
|   union
|   {
|     long l;
|     char c[sizeof (long)];
|   } u;
|   u.l = 1;
|   exit (u.c[0] == 1);
| }
configure:24050: result: little endian
configure:24065: checking for working alloca.h
configure:24086: gcc -o conftest -g -O2   conftest.c  >&5
configure:24092: $? = 0
configure:24096: test -z 
			 || test ! -s conftest.err
configure:24099: $? = 0
configure:24102: test -s conftest
configure:24105: $? = 0
configure:24117: result: yes
configure:24127: checking for alloca
configure:24168: gcc -o conftest -g -O2   conftest.c  >&5
configure:24174: $? = 0
configure:24178: test -z 
			 || test ! -s conftest.err
configure:24181: $? = 0
configure:24184: test -s conftest
configure:24187: $? = 0
configure:24199: result: yes
configure:24428: checking for stdlib.h
configure:24433: result: yes
configure:24580: checking for string.h
configure:24585: result: yes
configure:24785: checking sys/param.h usability
configure:24797: gcc -c -g -O2  conftest.c >&5
configure:24803: $? = 0
configure:24807: test -z 
			 || test ! -s conftest.err
configure:24810: $? = 0
configure:24813: test -s conftest.o
configure:24816: $? = 0
configure:24826: result: yes
configure:24830: checking sys/param.h presence
configure:24840: gcc -E  conftest.c
configure:24846: $? = 0
configure:24866: result: yes
configure:24901: checking for sys/param.h
configure:24908: result: yes
configure:24928: checking for unistd.h
configure:24933: result: yes
configure:25079: checking for canonicalize_file_name
configure:25136: gcc -o conftest -g -O2   conftest.c  >&5
Undefined symbols for architecture x86_64:
  "_canonicalize_file_name", referenced from:
      _main in conftest-a17e45.o
      _f in conftest-a17e45.o
ld: symbol(s) not found for architecture x86_64
clang: error: linker command failed with exit code 1 (use -v to see invocation)
configure:25142: $? = 1
configure: failed program was:
| /* confdefs.h.  */
| 
| #define PACKAGE_NAME ""
| #define PACKAGE_TARNAME ""
| #define PACKAGE_VERSION ""
| #define PACKAGE_STRING ""
| #define PACKAGE_BUGREPORT ""
| #define PACKAGE "libiconv"
| #define VERSION "1.10"
| #define INSTALLPREFIX "/usr/local"
| #define _GNU_SOURCE 1
| #define __EXTENSIONS__ 1
| #define STDC_HEADERS 1
| #define HAVE_SYS_TYPES_H 1
| #define HAVE_SYS_STAT_H 1
| #define HAVE_STDLIB_H 1
| #define HAVE_STRING_H 1
| #define HAVE_MEMORY_H 1
| #define HAVE_STRINGS_H 1
| #define HAVE_INTTYPES_H 1
| #define HAVE_STDINT_H 1
| #define HAVE_UNISTD_H 1
| #define HAVE_DLFCN_H 1
| #ifdef __cplusplus
| extern "C" void exit (int) throw ();
| #endif
| #define HAVE_ICONV 1
| #define ICONV_CONST 
| #define HAVE_ICONV 1
| #define STDC_HEADERS 1
| #define HAVE_LOCALE_H 1
| #define HAVE_STDDEF_H 1
| #define HAVE_STDLIB_H 1
| #define HAVE_STRING_H 1
| #define HAVE_STDLIB_H 1
| #define HAVE_INTTYPES_H 1
| #define HAVE_STDINT_H 1
| #define HAVE_GETC_UNLOCKED 1
| #define HAVE_MBRTOWC 1
| #define HAVE_WCRTOMB 1
| #define HAVE_MBSINIT 1
| #define HAVE_SETLOCALE 1
| #define HAVE_MEMMOVE 1
| #define HAVE_LANGINFO_CODESET 1
| #define HAVE_WCHAR_H 1
| #define WORDS_LITTLEENDIAN 1
| #define HAVE_ALLOCA_H 1
| #define HAVE_ALLOCA 1
| #define HAVE_STDLIB_H 1
| #define HAVE_STRING_H 1
| #define HAVE_SYS_PARAM_H 1
| #define HAVE_UNISTD_H 1
| /* end confdefs.h.  */
| /* Define canonicalize_file_name to an innocuous variant, in case <limits.h> declares canonicalize_file_name.
|    For example, HP-UX 11i <limits.h> declares gettimeofday.  */
| #define canonicalize_file_name innocuous_canonicalize_file_name
| 
| /* System header to define __stub macros and hopefully few prototypes,
|     which can conflict with char canonicalize_file_name (); below.
|     Prefer <limits.h> to <assert.h> if __STDC__ is defined, since
|     <limits.h> exists even on freestanding compilers.  */
| 
| #ifdef __STDC__
| # include <limits.h>
| #else
| # include <assert.h>
| #endif
| 
| #undef canonicalize_file_name
| 
| /* Override any gcc2 internal prototype to avoid an error.  */
| #ifdef __cplusplus
| extern "C"
| {
| #endif
| /* We use char because int might match the return type of a gcc2
|    builtin and then its argument prototype would still apply.  */
| char canonicalize_file_name ();
| /* The GNU C library defines this for functions which it implements
|     to always fail with ENOSYS.  Some functions are actually named
|     something starting with __ and the normal name is an alias.  */
| #if defined (__stub_canonicalize_file_name) || defined (__stub___canonicalize_file_name)
| choke me
| #else
| char (*f) () = canonicalize_file_name;
| #endif
| #ifdef __cplusplus
| }
| #endif
| 
| int
| main ()
| {
| return f != canonicalize_file_name;
|   ;
|   return 0;
| }
configure:25167: result: no
configure:25207: checking for getcwd
configure:25264: gcc -o conftest -g -O2   conftest.c  >&5
configure:25270: $? = 0
configure:25274: test -z 
			 || test ! -s conftest.err
configure:25277: $? = 0
configure:25280: test -s conftest
configure:25283: $? = 0
configure:25295: result: yes
configure:25207: checking for readlink
configure:25264: gcc -o conftest -g -O2   conftest.c  >&5
configure:25270: $? = 0
configure:25274: test -z 
			 || test ! -s conftest.err
configure:25277: $? = 0
configure:25280: test -s conftest
configure:25283: $? = 0
configure:25295: result: yes
configure:25309: checking whether clearerr_unlocked is declared
configure:25333: gcc -c -g -O2  conftest.c >&5
configure:25339: $? = 0
configure:25343: test -z 
			 || test ! -s conftest.err
configure:25346: $? = 0
configure:25349: test -s conftest.o
configure:25352: $? = 0
configure:25363: result: yes
configure:25383: checking whether feof_unlocked is declared
configure:25407: gcc -c -g -O2  conftest.c >&5
configure:25413: $? = 0
configure:25417: test -z 
			 || test ! -s conftest.err
configure:25420: $? = 0
configure:25423: test -s conftest.o
configure:25426: $? = 0
configure:25437: result: yes
configure:25457: checking whether ferror_unlocked is declared
configure:25481: gcc -c -g -O2  conftest.c >&5
configure:25487: $? = 0
configure:25491: test -z 
			 || test ! -s conftest.err
configure:25494: $? = 0
configure:25497: test -s conftest.o
configure:25500: $? = 0
configure:25511: result: yes
configure:25531: checking whether fflush_unlocked is declared
configure:25555: gcc -c -g -O2  conftest.c >&5
conftest.c:98:22: error: use of undeclared identifier 'fflush_unlocked'
  char *p = (char *) fflush_unlocked;
                     ^
1 error generated.
configure:25561: $? = 1
configure: failed program was:
| /* confdefs.h.  */
| 
| #define PACKAGE_NAME ""
| #define PACKAGE_TARNAME ""
| #define PACKAGE_VERSION ""
| #define PACKAGE_STRING ""
| #define PACKAGE_BUGREPORT ""
| #define PACKAGE "libiconv"
| #define VERSION "1.10"
| #define INSTALLPREFIX "/usr/local"
| #define _GNU_SOURCE 1
| #define __EXTENSIONS__ 1
| #define STDC_HEADERS 1
| #define HAVE_SYS_TYPES_H 1
| #define HAVE_SYS_STAT_H 1
| #define HAVE_STDLIB_H 1
| #define HAVE_STRING_H 1
| #define HAVE_MEMORY_H 1
| #define HAVE_STRINGS_H 1
| #define HAVE_INTTYPES_H 1
| #define HAVE_STDINT_H 1
| #define HAVE_UNISTD_H 1
| #define HAVE_DLFCN_H 1
| #ifdef __cplusplus
| extern "C" void exit (int) throw ();
| #endif
| #define HAVE_ICONV 1
| #define ICONV_CONST 
| #define HAVE_ICONV 1
| #define STDC_HEADERS 1
| #define HAVE_LOCALE_H 1
| #define HAVE_STDDEF_H 1
| #define HAVE_STDLIB_H 1
| #define HAVE_STRING_H 1
| #define HAVE_STDLIB_H 1
| #define HAVE_INTTYPES_H 1
| #define HAVE_STDINT_H 1
| #define HAVE_GETC_UNLOCKED 1
| #define HAVE_MBRTOWC 1
| #define HAVE_WCRTOMB 1
| #define HAVE_MBSINIT 1
| #define HAVE_SETLOCALE 1
| #define HAVE_MEMMOVE 1
| #define HAVE_LANGINFO_CODESET 1
| #define HAVE_WCHAR_H 1
| #define WORDS_LITTLEENDIAN 1
| #define HAVE_ALLOCA_H 1
| #define HAVE_ALLOCA 1
| #define HAVE_STDLIB_H 1
| #define HAVE_STRING_H 1
| #define HAVE_SYS_PARAM_H 1
| #define HAVE_UNISTD_H 1
| #define realpath rpl_realpath
| #define HAVE_GETCWD 1
| #define HAVE_READLINK 1
| #define HAVE_DECL_CLEARERR_UNLOCKED 1
| #define HAVE_DECL_FEOF_UNLOCKED 1
| #define HAVE_DECL_FERROR_UNLOCKED 1
| /* end confdefs.h.  */
| #include <stdio.h>
| #if HAVE_SYS_TYPES_H
| # include <sys/types.h>
| #endif
| #if HAVE_SYS_STAT_H
| # include <sys/stat.h>
| #endif
| #if STDC_HEADERS
| # include <stdlib.h>
| # include <stddef.h>
| #else
| # if HAVE_STDLIB_H
| #  include <stdlib.h>
| # endif
| #endif
| #if HAVE_STRING_H
| # if !STDC_HEADERS && HAVE_MEMORY_H
| #  include <memory.h>
| # endif
| # include <string.h>
| #endif
| #if HAVE_STRINGS_H
| # include <strings.h>
| #endif
| #if HAVE_INTTYPES_H
| # include <inttypes.h>
| #else
| # if HAVE_STDINT_H
| #  include <stdint.h>
| # endif
| #endif
| #if HAVE_UNISTD_H
| # include <unistd.h>
| #endif
| int
| main ()
| {
| #ifndef fflush_unlocked
|   char *p = (char *) fflush_unlocked;
| #endif
| 
|   ;
|   return 0;
| }
configure:25585: result: no
configure:25605: checking whether fgets_unlocked is declared
configure:25629: gcc -c -g -O2  conftest.c >&5
conftest.c:99:22: error: use of undeclared identifier 'fgets_unlocked'
  char *p = (char *) fgets_unlocked;
                     ^
1 error generated.
configure:25635: $? = 1
configure: failed program was:
| /* confdefs.h.  */
| 
| #define PACKAGE_NAME ""
| #define PACKAGE_TARNAME ""
| #define PACKAGE_VERSION ""
| #define PACKAGE_STRING ""
| #define PACKAGE_BUGREPORT ""
| #define PACKAGE "libiconv"
| #define VERSION "1.10"
| #define INSTALLPREFIX "/usr/local"
| #define _GNU_SOURCE 1
| #define __EXTENSIONS__ 1
| #define STDC_HEADERS 1
| #define HAVE_SYS_TYPES_H 1
| #define HAVE_SYS_STAT_H 1
| #define HAVE_STDLIB_H 1
| #define HAVE_STRING_H 1
| #define HAVE_MEMORY_H 1
| #define HAVE_STRINGS_H 1
| #define HAVE_INTTYPES_H 1
| #define HAVE_STDINT_H 1
| #define HAVE_UNISTD_H 1
| #define HAVE_DLFCN_H 1
| #ifdef __cplusplus
| extern "C" void exit (int) throw ();
| #endif
| #define HAVE_ICONV 1
| #define ICONV_CONST 
| #define HAVE_ICONV 1
| #define STDC_HEADERS 1
| #define HAVE_LOCALE_H 1
| #define HAVE_STDDEF_H 1
| #define HAVE_STDLIB_H 1
| #define HAVE_STRING_H 1
| #define HAVE_STDLIB_H 1
| #define HAVE_INTTYPES_H 1
| #define HAVE_STDINT_H 1
| #define HAVE_GETC_UNLOCKED 1
| #define HAVE_MBRTOWC 1
| #define HAVE_WCRTOMB 1
| #define HAVE_MBSINIT 1
| #define HAVE_SETLOCALE 1
| #define HAVE_MEMMOVE 1
| #define HAVE_LANGINFO_CODESET 1
| #define HAVE_WCHAR_H 1
| #define WORDS_LITTLEENDIAN 1
| #define HAVE_ALLOCA_H 1
| #define HAVE_ALLOCA 1
| #define HAVE_STDLIB_H 1
| #define HAVE_STRING_H 1
| #define HAVE_SYS_PARAM_H 1
| #define HAVE_UNISTD_H 1
| #define realpath rpl_realpath
| #define HAVE_GETCWD 1
| #define HAVE_READLINK 1
| #define HAVE_DECL_CLEARERR_UNLOCKED 1
| #define HAVE_DECL_FEOF_UNLOCKED 1
| #define HAVE_DECL_FERROR_UNLOCKED 1
| #define HAVE_DECL_FFLUSH_UNLOCKED 0
| /* end confdefs.h.  */
| #include <stdio.h>
| #if HAVE_SYS_TYPES_H
| # include <sys/types.h>
| #endif
| #if HAVE_SYS_STAT_H
| # include <sys/stat.h>
| #endif
| #if STDC_HEADERS
| # include <stdlib.h>
| # include <stddef.h>
| #else
| # if HAVE_STDLIB_H
| #  include <stdlib.h>
| # endif
| #endif
| #if HAVE_STRING_H
| # if !STDC_HEADERS && HAVE_MEMORY_H
| #  include <memory.h>
| # endif
| # include <string.h>
| #endif
| #if HAVE_STRINGS_H
| # include <strings.h>
| #endif
| #if HAVE_INTTYPES_H
| # include <inttypes.h>
| #else
| # if HAVE_STDINT_H
| #  include <stdint.h>
| # endif
| #endif
| #if HAVE_UNISTD_H
| # include <unistd.h>
| #endif
| int
| main ()
| {
| #ifndef fgets_unlocked
|   char *p = (char *) fgets_unlocked;
| #endif
| 
|   ;
|   return 0;
| }
configure:25659: result: no
configure:25679: checking whether fputc_unlocked is declared
configure:25703: gcc -c -g -O2  conftest.c >&5
conftest.c:100:22: error: use of undeclared identifier 'fputc_unlocked'
  char *p = (char *) fputc_unlocked;
                     ^
1 error generated.
configure:25709: $? = 1
configure: failed program was:
| /* confdefs.h.  */
| 
| #define PACKAGE_NAME ""
| #define PACKAGE_TARNAME ""
| #define PACKAGE_VERSION ""
| #define PACKAGE_STRING ""
| #define PACKAGE_BUGREPORT ""
| #define PACKAGE "libiconv"
| #define VERSION "1.10"
| #define INSTALLPREFIX "/usr/local"
| #define _GNU_SOURCE 1
| #define __EXTENSIONS__ 1
| #define STDC_HEADERS 1
| #define HAVE_SYS_TYPES_H 1
| #define HAVE_SYS_STAT_H 1
| #define HAVE_STDLIB_H 1
| #define HAVE_STRING_H 1
| #define HAVE_MEMORY_H 1
| #define HAVE_STRINGS_H 1
| #define HAVE_INTTYPES_H 1
| #define HAVE_STDINT_H 1
| #define HAVE_UNISTD_H 1
| #define HAVE_DLFCN_H 1
| #ifdef __cplusplus
| extern "C" void exit (int) throw ();
| #endif
| #define HAVE_ICONV 1
| #define ICONV_CONST 
| #define HAVE_ICONV 1
| #define STDC_HEADERS 1
| #define HAVE_LOCALE_H 1
| #define HAVE_STDDEF_H 1
| #define HAVE_STDLIB_H 1
| #define HAVE_STRING_H 1
| #define HAVE_STDLIB_H 1
| #define HAVE_INTTYPES_H 1
| #define HAVE_STDINT_H 1
| #define HAVE_GETC_UNLOCKED 1
| #define HAVE_MBRTOWC 1
| #define HAVE_WCRTOMB 1
| #define HAVE_MBSINIT 1
| #define HAVE_SETLOCALE 1
| #define HAVE_MEMMOVE 1
| #define HAVE_LANGINFO_CODESET 1
| #define HAVE_WCHAR_H 1
| #define WORDS_LITTLEENDIAN 1
| #define HAVE_ALLOCA_H 1
| #define HAVE_ALLOCA 1
| #define HAVE_STDLIB_H 1
| #define HAVE_STRING_H 1
| #define HAVE_SYS_PARAM_H 1
| #define HAVE_UNISTD_H 1
| #define realpath rpl_realpath
| #define HAVE_GETCWD 1
| #define HAVE_READLINK 1
| #define HAVE_DECL_CLEARERR_UNLOCKED 1
| #define HAVE_DECL_FEOF_UNLOCKED 1
| #define HAVE_DECL_FERROR_UNLOCKED 1
| #define HAVE_DECL_FFLUSH_UNLOCKED 0
| #define HAVE_DECL_FGETS_UNLOCKED 0
| /* end confdefs.h.  */
| #include <stdio.h>
| #if HAVE_SYS_TYPES_H
| # include <sys/types.h>
| #endif
| #if HAVE_SYS_STAT_H
| # include <sys/stat.h>
| #endif
| #if STDC_HEADERS
| # include <stdlib.h>
| # include <stddef.h>
| #else
| # if HAVE_STDLIB_H
| #  include <stdlib.h>
| # endif
| #endif
| #if HAVE_STRING_H
| # if !STDC_HEADERS && HAVE_MEMORY_H
| #  include <memory.h>
| # endif
| # include <string.h>
| #endif
| #if HAVE_STRINGS_H
| # include <strings.h>
| #endif
| #if HAVE_INTTYPES_H
| # include <inttypes.h>
| #else
| # if HAVE_STDINT_H
| #  include <stdint.h>
| # endif
| #endif
| #if HAVE_UNISTD_H
| # include <unistd.h>
| #endif
| int
| main ()
| {
| #ifndef fputc_unlocked
|   char *p = (char *) fputc_unlocked;
| #endif
| 
|   ;
|   return 0;
| }
configure:25733: result: no
configure:25753: checking whether fputs_unlocked is declared
configure:25777: gcc -c -g -O2  conftest.c >&5
conftest.c:101:22: error: use of undeclared identifier 'fputs_unlocked'
  char *p = (char *) fputs_unlocked;
                     ^
1 error generated.
configure:25783: $? = 1
configure: failed program was:
| /* confdefs.h.  */
| 
| #define PACKAGE_NAME ""
| #define PACKAGE_TARNAME ""
| #define PACKAGE_VERSION ""
| #define PACKAGE_STRING ""
| #define PACKAGE_BUGREPORT ""
| #define PACKAGE "libiconv"
| #define VERSION "1.10"
| #define INSTALLPREFIX "/usr/local"
| #define _GNU_SOURCE 1
| #define __EXTENSIONS__ 1
| #define STDC_HEADERS 1
| #define HAVE_SYS_TYPES_H 1
| #define HAVE_SYS_STAT_H 1
| #define HAVE_STDLIB_H 1
| #define HAVE_STRING_H 1
| #define HAVE_MEMORY_H 1
| #define HAVE_STRINGS_H 1
| #define HAVE_INTTYPES_H 1
| #define HAVE_STDINT_H 1
| #define HAVE_UNISTD_H 1
| #define HAVE_DLFCN_H 1
| #ifdef __cplusplus
| extern "C" void exit (int) throw ();
| #endif
| #define HAVE_ICONV 1
| #define ICONV_CONST 
| #define HAVE_ICONV 1
| #define STDC_HEADERS 1
| #define HAVE_LOCALE_H 1
| #define HAVE_STDDEF_H 1
| #define HAVE_STDLIB_H 1
| #define HAVE_STRING_H 1
| #define HAVE_STDLIB_H 1
| #define HAVE_INTTYPES_H 1
| #define HAVE_STDINT_H 1
| #define HAVE_GETC_UNLOCKED 1
| #define HAVE_MBRTOWC 1
| #define HAVE_WCRTOMB 1
| #define HAVE_MBSINIT 1
| #define HAVE_SETLOCALE 1
| #define HAVE_MEMMOVE 1
| #define HAVE_LANGINFO_CODESET 1
| #define HAVE_WCHAR_H 1
| #define WORDS_LITTLEENDIAN 1
| #define HAVE_ALLOCA_H 1
| #define HAVE_ALLOCA 1
| #define HAVE_STDLIB_H 1
| #define HAVE_STRING_H 1
| #define HAVE_SYS_PARAM_H 1
| #define HAVE_UNISTD_H 1
| #define realpath rpl_realpath
| #define HAVE_GETCWD 1
| #define HAVE_READLINK 1
| #define HAVE_DECL_CLEARERR_UNLOCKED 1
| #define HAVE_DECL_FEOF_UNLOCKED 1
| #define HAVE_DECL_FERROR_UNLOCKED 1
| #define HAVE_DECL_FFLUSH_UNLOCKED 0
| #define HAVE_DECL_FGETS_UNLOCKED 0
| #define HAVE_DECL_FPUTC_UNLOCKED 0
| /* end confdefs.h.  */
| #include <stdio.h>
| #if HAVE_SYS_TYPES_H
| # include <sys/types.h>
| #endif
| #if HAVE_SYS_STAT_H
| # include <sys/stat.h>
| #endif
| #if STDC_HEADERS
| # include <stdlib.h>
| # include <stddef.h>
| #else
| # if HAVE_STDLIB_H
| #  include <stdlib.h>
| # endif
| #endif
| #if HAVE_STRING_H
| # if !STDC_HEADERS && HAVE_MEMORY_H
| #  include <memory.h>
| # endif
| # include <string.h>
| #endif
| #if HAVE_STRINGS_H
| # include <strings.h>
| #endif
| #if HAVE_INTTYPES_H
| # include <inttypes.h>
| #else
| # if HAVE_STDINT_H
| #  include <stdint.h>
| # endif
| #endif
| #if HAVE_UNISTD_H
| # include <unistd.h>
| #endif
| int
| main ()
| {
| #ifndef fputs_unlocked
|   char *p = (char *) fputs_unlocked;
| #endif
| 
|   ;
|   return 0;
| }
configure:25807: result: no
configure:25827: checking whether fread_unlocked is declared
configure:25851: gcc -c -g -O2  conftest.c >&5
conftest.c:102:22: error: use of undeclared identifier 'fread_unlocked'
  char *p = (char *) fread_unlocked;
                     ^
1 error generated.
configure:25857: $? = 1
configure: failed program was:
| /* confdefs.h.  */
| 
| #define PACKAGE_NAME ""
| #define PACKAGE_TARNAME ""
| #define PACKAGE_VERSION ""
| #define PACKAGE_STRING ""
| #define PACKAGE_BUGREPORT ""
| #define PACKAGE "libiconv"
| #define VERSION "1.10"
| #define INSTALLPREFIX "/usr/local"
| #define _GNU_SOURCE 1
| #define __EXTENSIONS__ 1
| #define STDC_HEADERS 1
| #define HAVE_SYS_TYPES_H 1
| #define HAVE_SYS_STAT_H 1
| #define HAVE_STDLIB_H 1
| #define HAVE_STRING_H 1
| #define HAVE_MEMORY_H 1
| #define HAVE_STRINGS_H 1
| #define HAVE_INTTYPES_H 1
| #define HAVE_STDINT_H 1
| #define HAVE_UNISTD_H 1
| #define HAVE_DLFCN_H 1
| #ifdef __cplusplus
| extern "C" void exit (int) throw ();
| #endif
| #define HAVE_ICONV 1
| #define ICONV_CONST 
| #define HAVE_ICONV 1
| #define STDC_HEADERS 1
| #define HAVE_LOCALE_H 1
| #define HAVE_STDDEF_H 1
| #define HAVE_STDLIB_H 1
| #define HAVE_STRING_H 1
| #define HAVE_STDLIB_H 1
| #define HAVE_INTTYPES_H 1
| #define HAVE_STDINT_H 1
| #define HAVE_GETC_UNLOCKED 1
| #define HAVE_MBRTOWC 1
| #define HAVE_WCRTOMB 1
| #define HAVE_MBSINIT 1
| #define HAVE_SETLOCALE 1
| #define HAVE_MEMMOVE 1
| #define HAVE_LANGINFO_CODESET 1
| #define HAVE_WCHAR_H 1
| #define WORDS_LITTLEENDIAN 1
| #define HAVE_ALLOCA_H 1
| #define HAVE_ALLOCA 1
| #define HAVE_STDLIB_H 1
| #define HAVE_STRING_H 1
| #define HAVE_SYS_PARAM_H 1
| #define HAVE_UNISTD_H 1
| #define realpath rpl_realpath
| #define HAVE_GETCWD 1
| #define HAVE_READLINK 1
| #define HAVE_DECL_CLEARERR_UNLOCKED 1
| #define HAVE_DECL_FEOF_UNLOCKED 1
| #define HAVE_DECL_FERROR_UNLOCKED 1
| #define HAVE_DECL_FFLUSH_UNLOCKED 0
| #define HAVE_DECL_FGETS_UNLOCKED 0
| #define HAVE_DECL_FPUTC_UNLOCKED 0
| #define HAVE_DECL_FPUTS_UNLOCKED 0
| /* end confdefs.h.  */
| #include <stdio.h>
| #if HAVE_SYS_TYPES_H
| # include <sys/types.h>
| #endif
| #if HAVE_SYS_STAT_H
| # include <sys/stat.h>
| #endif
| #if STDC_HEADERS
| # include <stdlib.h>
| # include <stddef.h>
| #else
| # if HAVE_STDLIB_H
| #  include <stdlib.h>
| # endif
| #endif
| #if HAVE_STRING_H
| # if !STDC_HEADERS && HAVE_MEMORY_H
| #  include <memory.h>
| # endif
| # include <string.h>
| #endif
| #if HAVE_STRINGS_H
| # include <strings.h>
| #endif
| #if HAVE_INTTYPES_H
| # include <inttypes.h>
| #else
| # if HAVE_STDINT_H
| #  include <stdint.h>
| # endif
| #endif
| #if HAVE_UNISTD_H
| # include <unistd.h>
| #endif
| int
| main ()
| {
| #ifndef fread_unlocked
|   char *p = (char *) fread_unlocked;
| #endif
| 
|   ;
|   return 0;
| }
configure:25881: result: no
configure:25901: checking whether fwrite_unlocked is declared
configure:25925: gcc -c -g -O2  conftest.c >&5
conftest.c:103:22: error: use of undeclared identifier 'fwrite_unlocked'
  char *p = (char *) fwrite_unlocked;
                     ^
1 error generated.
configure:25931: $? = 1
configure: failed program was:
| /* confdefs.h.  */
| 
| #define PACKAGE_NAME ""
| #define PACKAGE_TARNAME ""
| #define PACKAGE_VERSION ""
| #define PACKAGE_STRING ""
| #define PACKAGE_BUGREPORT ""
| #define PACKAGE "libiconv"
| #define VERSION "1.10"
| #define INSTALLPREFIX "/usr/local"
| #define _GNU_SOURCE 1
| #define __EXTENSIONS__ 1
| #define STDC_HEADERS 1
| #define HAVE_SYS_TYPES_H 1
| #define HAVE_SYS_STAT_H 1
| #define HAVE_STDLIB_H 1
| #define HAVE_STRING_H 1
| #define HAVE_MEMORY_H 1
| #define HAVE_STRINGS_H 1
| #define HAVE_INTTYPES_H 1
| #define HAVE_STDINT_H 1
| #define HAVE_UNISTD_H 1
| #define HAVE_DLFCN_H 1
| #ifdef __cplusplus
| extern "C" void exit (int) throw ();
| #endif
| #define HAVE_ICONV 1
| #define ICONV_CONST 
| #define HAVE_ICONV 1
| #define STDC_HEADERS 1
| #define HAVE_LOCALE_H 1
| #define HAVE_STDDEF_H 1
| #define HAVE_STDLIB_H 1
| #define HAVE_STRING_H 1
| #define HAVE_STDLIB_H 1
| #define HAVE_INTTYPES_H 1
| #define HAVE_STDINT_H 1
| #define HAVE_GETC_UNLOCKED 1
| #define HAVE_MBRTOWC 1
| #define HAVE_WCRTOMB 1
| #define HAVE_MBSINIT 1
| #define HAVE_SETLOCALE 1
| #define HAVE_MEMMOVE 1
| #define HAVE_LANGINFO_CODESET 1
| #define HAVE_WCHAR_H 1
| #define WORDS_LITTLEENDIAN 1
| #define HAVE_ALLOCA_H 1
| #define HAVE_ALLOCA 1
| #define HAVE_STDLIB_H 1
| #define HAVE_STRING_H 1
| #define HAVE_SYS_PARAM_H 1
| #define HAVE_UNISTD_H 1
| #define realpath rpl_realpath
| #define HAVE_GETCWD 1
| #define HAVE_READLINK 1
| #define HAVE_DECL_CLEARERR_UNLOCKED 1
| #define HAVE_DECL_FEOF_UNLOCKED 1
| #define HAVE_DECL_FERROR_UNLOCKED 1
| #define HAVE_DECL_FFLUSH_UNLOCKED 0
| #define HAVE_DECL_FGETS_UNLOCKED 0
| #define HAVE_DECL_FPUTC_UNLOCKED 0
| #define HAVE_DECL_FPUTS_UNLOCKED 0
| #define HAVE_DECL_FREAD_UNLOCKED 0
| /* end confdefs.h.  */
| #include <stdio.h>
| #if HAVE_SYS_TYPES_H
| # include <sys/types.h>
| #endif
| #if HAVE_SYS_STAT_H
| # include <sys/stat.h>
| #endif
| #if STDC_HEADERS
| # include <stdlib.h>
| # include <stddef.h>
| #else
| # if HAVE_STDLIB_H
| #  include <stdlib.h>
| # endif
| #endif
| #if HAVE_STRING_H
| # if !STDC_HEADERS && HAVE_MEMORY_H
| #  include <memory.h>
| # endif
| # include <string.h>
| #endif
| #if HAVE_STRINGS_H
| # include <strings.h>
| #endif
| #if HAVE_INTTYPES_H
| # include <inttypes.h>
| #else
| # if HAVE_STDINT_H
| #  include <stdint.h>
| # endif
| #endif
| #if HAVE_UNISTD_H
| # include <unistd.h>
| #endif
| int
| main ()
| {
| #ifndef fwrite_unlocked
|   char *p = (char *) fwrite_unlocked;
| #endif
| 
|   ;
|   return 0;
| }
configure:25955: result: no
configure:25975: checking whether getc_unlocked is declared
configure:25999: gcc -c -g -O2  conftest.c >&5
configure:26005: $? = 0
configure:26009: test -z 
			 || test ! -s conftest.err
configure:26012: $? = 0
configure:26015: test -s conftest.o
configure:26018: $? = 0
configure:26029: result: yes
configure:26049: checking whether getchar_unlocked is declared
configure:26073: gcc -c -g -O2  conftest.c >&5
configure:26079: $? = 0
configure:26083: test -z 
			 || test ! -s conftest.err
configure:26086: $? = 0
configure:26089: test -s conftest.o
configure:26092: $? = 0
configure:26103: result: yes
configure:26123: checking whether putc_unlocked is declared
configure:26147: gcc -c -g -O2  conftest.c >&5
configure:26153: $? = 0
configure:26157: test -z 
			 || test ! -s conftest.err
configure:26160: $? = 0
configure:26163: test -s conftest.o
configure:26166: $? = 0
configure:26177: result: yes
configure:26197: checking whether putchar_unlocked is declared
configure:26221: gcc -c -g -O2  conftest.c >&5
configure:26227: $? = 0
configure:26231: test -z 
			 || test ! -s conftest.err
configure:26234: $? = 0
configure:26237: test -s conftest.o
configure:26240: $? = 0
configure:26251: result: yes
configure:26321: checking for vprintf
configure:26378: gcc -o conftest -g -O2   conftest.c  >&5
conftest.c:94:6: warning: incompatible redeclaration of library function 'vprintf' [-Wincompatible-library-redeclaration]
char vprintf ();
     ^
conftest.c:94:6: note: 'vprintf' is a builtin with type 'int (const char *, __va_list_tag *)'
1 warning generated.
configure:26384: $? = 0
configure:26388: test -z 
			 || test ! -s conftest.err
configure:26391: $? = 0
configure:26394: test -s conftest
configure:26397: $? = 0
configure:26409: result: yes
configure:26416: checking for _doprnt
configure:26473: gcc -o conftest -g -O2   conftest.c  >&5
Undefined symbols for architecture x86_64:
  "__doprnt", referenced from:
      _main in conftest-a2a2a5.o
      _f in conftest-a2a2a5.o
ld: symbol(s) not found for architecture x86_64
clang: error: linker command failed with exit code 1 (use -v to see invocation)
configure:26479: $? = 1
configure: failed program was:
| /* confdefs.h.  */
| 
| #define PACKAGE_NAME ""
| #define PACKAGE_TARNAME ""
| #define PACKAGE_VERSION ""
| #define PACKAGE_STRING ""
| #define PACKAGE_BUGREPORT ""
| #define PACKAGE "libiconv"
| #define VERSION "1.10"
| #define INSTALLPREFIX "/usr/local"
| #define _GNU_SOURCE 1
| #define __EXTENSIONS__ 1
| #define STDC_HEADERS 1
| #define HAVE_SYS_TYPES_H 1
| #define HAVE_SYS_STAT_H 1
| #define HAVE_STDLIB_H 1
| #define HAVE_STRING_H 1
| #define HAVE_MEMORY_H 1
| #define HAVE_STRINGS_H 1
| #define HAVE_INTTYPES_H 1
| #define HAVE_STDINT_H 1
| #define HAVE_UNISTD_H 1
| #define HAVE_DLFCN_H 1
| #ifdef __cplusplus
| extern "C" void exit (int) throw ();
| #endif
| #define HAVE_ICONV 1
| #define ICONV_CONST 
| #define HAVE_ICONV 1
| #define STDC_HEADERS 1
| #define HAVE_LOCALE_H 1
| #define HAVE_STDDEF_H 1
| #define HAVE_STDLIB_H 1
| #define HAVE_STRING_H 1
| #define HAVE_STDLIB_H 1
| #define HAVE_INTTYPES_H 1
| #define HAVE_STDINT_H 1
| #define HAVE_GETC_UNLOCKED 1
| #define HAVE_MBRTOWC 1
| #define HAVE_WCRTOMB 1
| #define HAVE_MBSINIT 1
| #define HAVE_SETLOCALE 1
| #define HAVE_MEMMOVE 1
| #define HAVE_LANGINFO_CODESET 1
| #define HAVE_WCHAR_H 1
| #define WORDS_LITTLEENDIAN 1
| #define HAVE_ALLOCA_H 1
| #define HAVE_ALLOCA 1
| #define HAVE_STDLIB_H 1
| #define HAVE_STRING_H 1
| #define HAVE_SYS_PARAM_H 1
| #define HAVE_UNISTD_H 1
| #define realpath rpl_realpath
| #define HAVE_GETCWD 1
| #define HAVE_READLINK 1
| #define HAVE_DECL_CLEARERR_UNLOCKED 1
| #define HAVE_DECL_FEOF_UNLOCKED 1
| #define HAVE_DECL_FERROR_UNLOCKED 1
| #define HAVE_DECL_FFLUSH_UNLOCKED 0
| #define HAVE_DECL_FGETS_UNLOCKED 0
| #define HAVE_DECL_FPUTC_UNLOCKED 0
| #define HAVE_DECL_FPUTS_UNLOCKED 0
| #define HAVE_DECL_FREAD_UNLOCKED 0
| #define HAVE_DECL_FWRITE_UNLOCKED 0
| #define HAVE_DECL_GETC_UNLOCKED 1
| #define HAVE_DECL_GETCHAR_UNLOCKED 1
| #define HAVE_DECL_PUTC_UNLOCKED 1
| #define HAVE_DECL_PUTCHAR_UNLOCKED 1
| #define HAVE_VPRINTF 1
| /* end confdefs.h.  */
| /* Define _doprnt to an innocuous variant, in case <limits.h> declares _doprnt.
|    For example, HP-UX 11i <limits.h> declares gettimeofday.  */
| #define _doprnt innocuous__doprnt
| 
| /* System header to define __stub macros and hopefully few prototypes,
|     which can conflict with char _doprnt (); below.
|     Prefer <limits.h> to <assert.h> if __STDC__ is defined, since
|     <limits.h> exists even on freestanding compilers.  */
| 
| #ifdef __STDC__
| # include <limits.h>
| #else
| # include <assert.h>
| #endif
| 
| #undef _doprnt
| 
| /* Override any gcc2 internal prototype to avoid an error.  */
| #ifdef __cplusplus
| extern "C"
| {
| #endif
| /* We use char because int might match the return type of a gcc2
|    builtin and then its argument prototype would still apply.  */
| char _doprnt ();
| /* The GNU C library defines this for functions which it implements
|     to always fail with ENOSYS.  Some functions are actually named
|     something starting with __ and the normal name is an alias.  */
| #if defined (__stub__doprnt) || defined (__stub____doprnt)
| choke me
| #else
| char (*f) () = _doprnt;
| #endif
| #ifdef __cplusplus
| }
| #endif
| 
| int
| main ()
| {
| return f != _doprnt;
|   ;
|   return 0;
| }
configure:26504: result: no
configure:26519: checking for error_at_line
configure:26540: gcc -o conftest -g -O2   conftest.c  >&5
conftest.c:75:1: warning: implicit declaration of function 'error_at_line' is invalid in C99 [-Wimplicit-function-declaration]
error_at_line(0, 0, "", 0, "");
^
1 warning generated.
Undefined symbols for architecture x86_64:
  "_error_at_line", referenced from:
      _main in conftest-28b9bf.o
ld: symbol(s) not found for architecture x86_64
clang: error: linker command failed with exit code 1 (use -v to see invocation)
configure:26546: $? = 1
configure: failed program was:
| /* confdefs.h.  */
| 
| #define PACKAGE_NAME ""
| #define PACKAGE_TARNAME ""
| #define PACKAGE_VERSION ""
| #define PACKAGE_STRING ""
| #define PACKAGE_BUGREPORT ""
| #define PACKAGE "libiconv"
| #define VERSION "1.10"
| #define INSTALLPREFIX "/usr/local"
| #define _GNU_SOURCE 1
| #define __EXTENSIONS__ 1
| #define STDC_HEADERS 1
| #define HAVE_SYS_TYPES_H 1
| #define HAVE_SYS_STAT_H 1
| #define HAVE_STDLIB_H 1
| #define HAVE_STRING_H 1
| #define HAVE_MEMORY_H 1
| #define HAVE_STRINGS_H 1
| #define HAVE_INTTYPES_H 1
| #define HAVE_STDINT_H 1
| #define HAVE_UNISTD_H 1
| #define HAVE_DLFCN_H 1
| #ifdef __cplusplus
| extern "C" void exit (int) throw ();
| #endif
| #define HAVE_ICONV 1
| #define ICONV_CONST 
| #define HAVE_ICONV 1
| #define STDC_HEADERS 1
| #define HAVE_LOCALE_H 1
| #define HAVE_STDDEF_H 1
| #define HAVE_STDLIB_H 1
| #define HAVE_STRING_H 1
| #define HAVE_STDLIB_H 1
| #define HAVE_INTTYPES_H 1
| #define HAVE_STDINT_H 1
| #define HAVE_GETC_UNLOCKED 1
| #define HAVE_MBRTOWC 1
| #define HAVE_WCRTOMB 1
| #define HAVE_MBSINIT 1
| #define HAVE_SETLOCALE 1
| #define HAVE_MEMMOVE 1
| #define HAVE_LANGINFO_CODESET 1
| #define HAVE_WCHAR_H 1
| #define WORDS_LITTLEENDIAN 1
| #define HAVE_ALLOCA_H 1
| #define HAVE_ALLOCA 1
| #define HAVE_STDLIB_H 1
| #define HAVE_STRING_H 1
| #define HAVE_SYS_PARAM_H 1
| #define HAVE_UNISTD_H 1
| #define realpath rpl_realpath
| #define HAVE_GETCWD 1
| #define HAVE_READLINK 1
| #define HAVE_DECL_CLEARERR_UNLOCKED 1
| #define HAVE_DECL_FEOF_UNLOCKED 1
| #define HAVE_DECL_FERROR_UNLOCKED 1
| #define HAVE_DECL_FFLUSH_UNLOCKED 0
| #define HAVE_DECL_FGETS_UNLOCKED 0
| #define HAVE_DECL_FPUTC_UNLOCKED 0
| #define HAVE_DECL_FPUTS_UNLOCKED 0
| #define HAVE_DECL_FREAD_UNLOCKED 0
| #define HAVE_DECL_FWRITE_UNLOCKED 0
| #define HAVE_DECL_GETC_UNLOCKED 1
| #define HAVE_DECL_GETCHAR_UNLOCKED 1
| #define HAVE_DECL_PUTC_UNLOCKED 1
| #define HAVE_DECL_PUTCHAR_UNLOCKED 1
| #define HAVE_VPRINTF 1
| /* end confdefs.h.  */
| 
| int
| main ()
| {
| error_at_line(0, 0, "", 0, "");
|   ;
|   return 0;
| }
configure:26571: result: no
configure:26587: checking for strerror
configure:26644: gcc -o conftest -g -O2   conftest.c  >&5
conftest.c:95:6: warning: incompatible redeclaration of library function 'strerror' [-Wincompatible-library-redeclaration]
char strerror ();
     ^
conftest.c:95:6: note: 'strerror' is a builtin with type 'char *(int)'
1 warning generated.
configure:26650: $? = 0
configure:26654: test -z 
			 || test ! -s conftest.err
configure:26657: $? = 0
configure:26660: test -s conftest
configure:26663: $? = 0
configure:26675: result: yes
configure:26685: checking whether strerror is declared
configure:26709: gcc -c -g -O2  conftest.c >&5
configure:26715: $? = 0
configure:26719: test -z 
			 || test ! -s conftest.err
configure:26722: $? = 0
configure:26725: test -s conftest.o
configure:26728: $? = 0
configure:26739: result: yes
configure:26757: checking whether strerror_r is declared
configure:26781: gcc -c -g -O2  conftest.c >&5
configure:26787: $? = 0
configure:26791: test -z 
			 || test ! -s conftest.err
configure:26794: $? = 0
configure:26797: test -s conftest.o
configure:26800: $? = 0
configure:26811: result: yes
configure:26833: checking for strerror_r
configure:26890: gcc -o conftest -g -O2   conftest.c  >&5
configure:26896: $? = 0
configure:26900: test -z 
			 || test ! -s conftest.err
configure:26903: $? = 0
configure:26906: test -s conftest
configure:26909: $? = 0
configure:26921: result: yes
configure:26931: checking whether strerror_r returns char *
configure:26959: gcc -c -g -O2  conftest.c >&5
conftest.c:114:13: error: indirection requires pointer operand ('int' invalid)
          char x = *strerror_r (0, buf, sizeof buf);
                   ^~~~~~~~~~~~~~~~~~~~~~~~~~~~~~~~
conftest.c:115:10: warning: incompatible integer to pointer conversion initializing 'char *' with an expression of type 'int' [-Wint-conversion]
          char *p = strerror_r (0, buf, sizeof buf);
                ^   ~~~~~~~~~~~~~~~~~~~~~~~~~~~~~~~
1 warning and 1 error generated.
configure:26965: $? = 1
configure: failed program was:
| /* confdefs.h.  */
| 
| #define PACKAGE_NAME ""
| #define PACKAGE_TARNAME ""
| #define PACKAGE_VERSION ""
| #define PACKAGE_STRING ""
| #define PACKAGE_BUGREPORT ""
| #define PACKAGE "libiconv"
| #define VERSION "1.10"
| #define INSTALLPREFIX "/usr/local"
| #define _GNU_SOURCE 1
| #define __EXTENSIONS__ 1
| #define STDC_HEADERS 1
| #define HAVE_SYS_TYPES_H 1
| #define HAVE_SYS_STAT_H 1
| #define HAVE_STDLIB_H 1
| #define HAVE_STRING_H 1
| #define HAVE_MEMORY_H 1
| #define HAVE_STRINGS_H 1
| #define HAVE_INTTYPES_H 1
| #define HAVE_STDINT_H 1
| #define HAVE_UNISTD_H 1
| #define HAVE_DLFCN_H 1
| #ifdef __cplusplus
| extern "C" void exit (int) throw ();
| #endif
| #define HAVE_ICONV 1
| #define ICONV_CONST 
| #define HAVE_ICONV 1
| #define STDC_HEADERS 1
| #define HAVE_LOCALE_H 1
| #define HAVE_STDDEF_H 1
| #define HAVE_STDLIB_H 1
| #define HAVE_STRING_H 1
| #define HAVE_STDLIB_H 1
| #define HAVE_INTTYPES_H 1
| #define HAVE_STDINT_H 1
| #define HAVE_GETC_UNLOCKED 1
| #define HAVE_MBRTOWC 1
| #define HAVE_WCRTOMB 1
| #define HAVE_MBSINIT 1
| #define HAVE_SETLOCALE 1
| #define HAVE_MEMMOVE 1
| #define HAVE_LANGINFO_CODESET 1
| #define HAVE_WCHAR_H 1
| #define WORDS_LITTLEENDIAN 1
| #define HAVE_ALLOCA_H 1
| #define HAVE_ALLOCA 1
| #define HAVE_STDLIB_H 1
| #define HAVE_STRING_H 1
| #define HAVE_SYS_PARAM_H 1
| #define HAVE_UNISTD_H 1
| #define realpath rpl_realpath
| #define HAVE_GETCWD 1
| #define HAVE_READLINK 1
| #define HAVE_DECL_CLEARERR_UNLOCKED 1
| #define HAVE_DECL_FEOF_UNLOCKED 1
| #define HAVE_DECL_FERROR_UNLOCKED 1
| #define HAVE_DECL_FFLUSH_UNLOCKED 0
| #define HAVE_DECL_FGETS_UNLOCKED 0
| #define HAVE_DECL_FPUTC_UNLOCKED 0
| #define HAVE_DECL_FPUTS_UNLOCKED 0
| #define HAVE_DECL_FREAD_UNLOCKED 0
| #define HAVE_DECL_FWRITE_UNLOCKED 0
| #define HAVE_DECL_GETC_UNLOCKED 1
| #define HAVE_DECL_GETCHAR_UNLOCKED 1
| #define HAVE_DECL_PUTC_UNLOCKED 1
| #define HAVE_DECL_PUTCHAR_UNLOCKED 1
| #define HAVE_VPRINTF 1
| #define HAVE_STRERROR 1
| #define HAVE_DECL_STRERROR 1
| #define HAVE_DECL_STRERROR_R 1
| #define HAVE_STRERROR_R 1
| /* end confdefs.h.  */
| #include <stdio.h>
| #if HAVE_SYS_TYPES_H
| # include <sys/types.h>
| #endif
| #if HAVE_SYS_STAT_H
| # include <sys/stat.h>
| #endif
| #if STDC_HEADERS
| # include <stdlib.h>
| # include <stddef.h>
| #else
| # if HAVE_STDLIB_H
| #  include <stdlib.h>
| # endif
| #endif
| #if HAVE_STRING_H
| # if !STDC_HEADERS && HAVE_MEMORY_H
| #  include <memory.h>
| # endif
| # include <string.h>
| #endif
| #if HAVE_STRINGS_H
| # include <strings.h>
| #endif
| #if HAVE_INTTYPES_H
| # include <inttypes.h>
| #else
| # if HAVE_STDINT_H
| #  include <stdint.h>
| # endif
| #endif
| #if HAVE_UNISTD_H
| # include <unistd.h>
| #endif
| int
| main ()
| {
| 
| 	  char buf[100];
| 	  char x = *strerror_r (0, buf, sizeof buf);
| 	  char *p = strerror_r (0, buf, sizeof buf);
| 
|   ;
|   return 0;
| }
configure:27038: result: no
configure:27069: checking for stdlib.h
configure:27074: result: yes
configure:27214: checking for GNU libc compatible malloc
configure:27243: gcc -o conftest -g -O2   conftest.c  >&5
configure:27246: $? = 0
configure:27248: ./conftest
configure:27251: $? = 0
configure:27265: result: yes
configure:27290: checking for setenv
configure:27347: gcc -o conftest -g -O2   conftest.c  >&5
configure:27353: $? = 0
configure:27357: test -z 
			 || test ! -s conftest.err
configure:27360: $? = 0
configure:27363: test -s conftest
configure:27366: $? = 0
configure:27378: result: yes
configure:27290: checking for unsetenv
configure:27347: gcc -o conftest -g -O2   conftest.c  >&5
configure:27353: $? = 0
configure:27357: test -z 
			 || test ! -s conftest.err
configure:27360: $? = 0
configure:27363: test -s conftest
configure:27366: $? = 0
configure:27378: result: yes
configure:27950: checking for stdbool.h that conforms to C99
configure:28003: gcc -c -g -O2  conftest.c >&5
configure:28009: $? = 0
configure:28013: test -z 
			 || test ! -s conftest.err
configure:28016: $? = 0
configure:28019: test -s conftest.o
configure:28022: $? = 0
configure:28033: result: yes
configure:28035: checking for _Bool
configure:28059: gcc -c -g -O2  conftest.c >&5
configure:28065: $? = 0
configure:28069: test -z 
			 || test ! -s conftest.err
configure:28072: $? = 0
configure:28075: test -s conftest.o
configure:28078: $? = 0
configure:28089: result: yes
configure:28132: checking for strerror
configure:28220: result: yes
configure:28251: checking for readlink
configure:28339: result: yes
configure:28364: checking for ssize_t
configure:28385: gcc -c -g -O2  conftest.c >&5
configure:28391: $? = 0
configure:28395: test -z 
			 || test ! -s conftest.err
configure:28398: $? = 0
configure:28401: test -s conftest.o
configure:28404: $? = 0
configure:28415: result: yes
configure:28591: creating ./config.status

## ---------------------- ##
## Running config.status. ##
## ---------------------- ##

This file was extended by config.status, which was
generated by GNU Autoconf 2.59.  Invocation command line was

  CONFIG_FILES    = 
  CONFIG_HEADERS  = 
  CONFIG_LINKS    = 
  CONFIG_COMMANDS = 
  $ ./config.status 

on ganshou-no-MacBook-Air.local

config.status:768: creating Makefile
config.status:768: creating lib/Makefile
config.status:768: creating srclib/Makefile
config.status:768: creating src/Makefile
config.status:768: creating po/Makefile.in
config.status:768: creating man/Makefile
config.status:768: creating tests/Makefile
config.status:768: creating include/iconv.h
config.status:872: creating config.h
config.status:872: creating lib/config.h
config.status:1303: executing depfiles commands
config.status:1303: executing default-1 commands
configure:30110: configuring in libcharset
configure:30227: running /bin/sh './configure' --prefix=/usr/local  --cache-file=/dev/null --srcdir=.

## ---------------- ##
## Cache variables. ##
## ---------------- ##

ac_cv_build=i686-apple-darwin13.1.0
ac_cv_build_alias=i686-apple-darwin13.1.0
ac_cv_c_compiler_gnu=yes
ac_cv_cxx_compiler_gnu=yes
ac_cv_decl_EILSEQ=yes
ac_cv_env_CC_set=
ac_cv_env_CC_value=
ac_cv_env_CFLAGS_set=
ac_cv_env_CFLAGS_value=
ac_cv_env_CPPFLAGS_set=
ac_cv_env_CPPFLAGS_value=
ac_cv_env_CPP_set=
ac_cv_env_CPP_value=
ac_cv_env_CXXCPP_set=
ac_cv_env_CXXCPP_value=
ac_cv_env_CXXFLAGS_set=
ac_cv_env_CXXFLAGS_value=
ac_cv_env_CXX_set=
ac_cv_env_CXX_value=
ac_cv_env_F77_set=
ac_cv_env_F77_value=
ac_cv_env_FFLAGS_set=
ac_cv_env_FFLAGS_value=
ac_cv_env_LDFLAGS_set=
ac_cv_env_LDFLAGS_value=
ac_cv_env_build_alias_set=
ac_cv_env_build_alias_value=
ac_cv_env_host_alias_set=
ac_cv_env_host_alias_value=
ac_cv_env_target_alias_set=
ac_cv_env_target_alias_value=
ac_cv_exeext=
ac_cv_f77_compiler_gnu=no
ac_cv_func__doprnt=no
ac_cv_func_alloca_works=yes
ac_cv_func_canonicalize_file_name=no
ac_cv_func_getc_unlocked=yes
ac_cv_func_getcwd=yes
ac_cv_func_malloc_0_nonnull=yes
ac_cv_func_mbrtowc=yes
ac_cv_func_mbsinit=yes
ac_cv_func_memmove=yes
ac_cv_func_readlink=yes
ac_cv_func_setenv=yes
ac_cv_func_setlocale=yes
ac_cv_func_strerror=yes
ac_cv_func_strerror_r=yes
ac_cv_func_strerror_r_char_p=no
ac_cv_func_unsetenv=yes
ac_cv_func_vprintf=yes
ac_cv_func_wcrtomb=yes
ac_cv_have_decl_clearerr_unlocked=yes
ac_cv_have_decl_feof_unlocked=yes
ac_cv_have_decl_ferror_unlocked=yes
ac_cv_have_decl_fflush_unlocked=no
ac_cv_have_decl_fgets_unlocked=no
ac_cv_have_decl_fputc_unlocked=no
ac_cv_have_decl_fputs_unlocked=no
ac_cv_have_decl_fread_unlocked=no
ac_cv_have_decl_fwrite_unlocked=no
ac_cv_have_decl_getc_unlocked=yes
ac_cv_have_decl_getchar_unlocked=yes
ac_cv_have_decl_putc_unlocked=yes
ac_cv_have_decl_putchar_unlocked=yes
ac_cv_have_decl_strerror=yes
ac_cv_have_decl_strerror_r=yes
ac_cv_header_dlfcn_h=yes
ac_cv_header_inttypes_h=yes
ac_cv_header_locale_h=yes
ac_cv_header_memory_h=yes
ac_cv_header_minix_config_h=no
ac_cv_header_stdbool_h=yes
ac_cv_header_stdc=yes
ac_cv_header_stddef_h=yes
ac_cv_header_stdint_h=yes
ac_cv_header_stdlib_h=yes
ac_cv_header_string_h=yes
ac_cv_header_strings_h=yes
ac_cv_header_sys_inttypes_h=no
ac_cv_header_sys_param_h=yes
ac_cv_header_sys_stat_h=yes
ac_cv_header_sys_types_h=yes
ac_cv_header_unistd_h=yes
ac_cv_header_wchar_h=yes
ac_cv_host=i686-apple-darwin13.1.0
ac_cv_host_alias=i686-apple-darwin13.1.0
ac_cv_objext=o
ac_cv_path_GMSGFMT=:
ac_cv_path_MSGFMT=:
ac_cv_path_MSGMERGE=:
ac_cv_path_XGETTEXT=:
ac_cv_path_install='/usr/bin/install -c'
ac_cv_prog_AWK=awk
ac_cv_prog_CPP='gcc -E'
ac_cv_prog_CXXCPP='g++ -E'
ac_cv_prog_ac_ct_AR=ar
ac_cv_prog_ac_ct_CC=gcc
ac_cv_prog_ac_ct_CXX=g++
ac_cv_prog_ac_ct_RANLIB=ranlib
ac_cv_prog_ac_ct_STRIP=strip
ac_cv_prog_cc_g=yes
ac_cv_prog_cc_stdc=
ac_cv_prog_cxx_g=yes
ac_cv_prog_egrep='grep -E'
ac_cv_prog_f77_g=no
ac_cv_prog_gcc_traditional=no
ac_cv_prog_make_make_set=yes
ac_cv_search_strerror='none required'
ac_cv_type__Bool=yes
ac_cv_type_mbstate_t=yes
ac_cv_working_alloca_h=yes
acl_cv_hardcode_direct=no
acl_cv_hardcode_libdir_flag_spec=
acl_cv_hardcode_libdir_separator=
acl_cv_hardcode_minus_L=no
acl_cv_libext=a
acl_cv_libpath=DYLD_LIBRARY_PATH
acl_cv_path_LD=/Applications/Xcode.app/Contents/Developer/Toolchains/XcodeDefault.xctoolchain/usr/bin/ld
acl_cv_prog_gnu_ld=no
acl_cv_rpath=done
acl_cv_shlibext=dylib
acl_cv_shlibpath_var=DYLD_LIBRARY_PATH
acl_cv_wl=-Wl,
am_cv_CC_dependencies_compiler_type=none
am_cv_CXX_dependencies_compiler_type=none
am_cv_func_iconv=yes
am_cv_langinfo_codeset=yes
am_cv_lib_error_at_line=no
am_cv_lib_iconv=yes
am_cv_proto_iconv='extern size_t iconv (iconv_t cd, char * *inbuf, size_t *inbytesleft, char * *outbuf, size_t *outbytesleft);'
am_cv_proto_iconv_arg1=
cl_cv_prog_LN=ln
cl_cv_prog_cp='cp -p'
cl_cv_sys_endian='little endian'
gl_cv_func_malloc_0_nonnull=1
gl_cv_header_stdint_h=yes
gt_cv_func_gnugettext1_libc=no
gt_cv_func_gnugettext1_libintl=no
gt_cv_header_inttypes_h=yes
gt_cv_ssize_t=yes
lt_cv_deplibs_check_method=pass_all
lt_cv_file_magic_cmd='$MAGIC_CMD'
lt_cv_file_magic_test_file=
lt_cv_ld_reload_flag=-r
lt_cv_objdir=.libs
lt_cv_path_LD=/Applications/Xcode.app/Contents/Developer/Toolchains/XcodeDefault.xctoolchain/usr/bin/ld
lt_cv_path_LDCXX=/Applications/Xcode.app/Contents/Developer/Toolchains/XcodeDefault.xctoolchain/usr/bin/ld
lt_cv_path_NM=/usr/bin/nm
lt_cv_path_SED=/usr/bin/sed
lt_cv_prog_compiler_c_o=yes
lt_cv_prog_compiler_c_o_CXX=yes
lt_cv_prog_compiler_rtti_exceptions=yes
lt_cv_prog_gnu_ld=no
lt_cv_prog_gnu_ldcxx=no
lt_cv_sys_global_symbol_pipe='sed -n -e '\''s/^.*[ 	]\([BCDEGRST][BCDEGRST]*\)[ 	][ 	]*\(_\)\([_A-Za-z][_A-Za-z0-9]*\)$/\1 \2\3 \3/p'\'''
lt_cv_sys_global_symbol_to_c_name_address='sed -n -e '\''s/^: \([^ ]*\) $/  {\"\1\", (lt_ptr) 0},/p'\'' -e '\''s/^[BCDEGRST] \([^ ]*\) \([^ ]*\)$/  {"\2", (lt_ptr) \&\2},/p'\'''
lt_cv_sys_global_symbol_to_cdecl='sed -n -e '\''s/^. .* \(.*\)$/extern int \1;/p'\'''
lt_cv_sys_max_cmd_len=65536
lt_lt_cv_prog_compiler_c_o='"yes"'
lt_lt_cv_prog_compiler_c_o_CXX='"yes"'
lt_lt_cv_sys_global_symbol_pipe='"sed -n -e '\''s/^.*[ 	]\\([BCDEGRST][BCDEGRST]*\\)[ 	][ 	]*\\(_\\)\\([_A-Za-z][_A-Za-z0-9]*\\)\$/\\1 \\2\\3 \\3/p'\''"'
lt_lt_cv_sys_global_symbol_to_c_name_address='"sed -n -e '\''s/^: \\([^ ]*\\) \$/  {\\\"\\1\\\", (lt_ptr) 0},/p'\'' -e '\''s/^[BCDEGRST] \\([^ ]*\\) \\([^ ]*\\)\$/  {\"\\2\", (lt_ptr) \\&\\2},/p'\''"'
lt_lt_cv_sys_global_symbol_to_cdecl='"sed -n -e '\''s/^. .* \\(.*\\)\$/extern int \\1;/p'\''"'

## ----------------- ##
## Output variables. ##
## ----------------- ##

ACLOCAL='${SHELL} /Users/takako/rails_projects/sample_app/libiconv-1.10/build-aux/missing --run aclocal-1.9'
ALLOCA=''
ALLOCA_H='alloca.h'
AMDEPBACKSLASH='\'
AMDEP_FALSE='#'
AMDEP_TRUE=''
AMTAR='${SHELL} /Users/takako/rails_projects/sample_app/libiconv-1.10/build-aux/missing --run tar'
AR='ar'
AS='as'
AUTOCONF='${SHELL} /Users/takako/rails_projects/sample_app/libiconv-1.10/build-aux/missing --run autoconf'
AUTOHEADER='${SHELL} /Users/takako/rails_projects/sample_app/libiconv-1.10/build-aux/missing --run autoheader'
AUTOMAKE='${SHELL} /Users/takako/rails_projects/sample_app/libiconv-1.10/build-aux/missing --run automake-1.9'
AWK='awk'
CC='gcc'
CCDEPMODE='depmode=none'
CFLAGS='-g -O2'
CP='cp -p'
CPP='gcc -E'
CPPFLAGS=''
CXX='g++'
CXXCPP='g++ -E'
CXXDEPMODE='depmode=none'
CXXFLAGS='-g -O2'
CYGPATH_W='echo'
DEFS='-DHAVE_CONFIG_H'
DEPDIR='.deps'
DLLTOOL='dlltool'
ECHO='/bin/echo'
ECHO_C='ECHO_N=''
ECHO_T=''
EGREP='grep -E'
EILSEQ=''
EXEEXT=''
F77=''
FFLAGS=''
GCC='yes'
GMSGFMT=':'
HAVE_LONG_64BIT=''
HAVE_LONG_LONG_64BIT=''
HAVE__BOOL='1'
ICONV_CONST=''
INSTALL_DATA='${INSTALL} -m 644'
INSTALL_PROGRAM='${INSTALL}'
INSTALL_SCRIPT='${INSTALL}'
INSTALL_STRIP_PROGRAM='${SHELL} $(install_sh) -c -s'
INTLLIBS=''
LDFLAGS=''
LIBICONV='-liconv'
LIBINTL=''
LIBOBJS=' canonicalize$U.o'
LIBS=''
LIBTOOL='$(SHELL) $(top_builddir)/libtool'
LN='ln'
LN_S='ln -s'
LTLIBICONV='-liconv'
LTLIBINTL=''
LTLIBOBJS=' canonicalize$U.lo'
MAKEINFO='${SHELL} /Users/takako/rails_projects/sample_app/libiconv-1.10/build-aux/missing --run makeinfo'
MKINSTALLDIRS='$(top_builddir)/build-aux/mkinstalldirs'
MSGFMT=':'
MSGMERGE=':'
OBJDUMP='objdump'
OBJEXT='o'
OS=''
PACKAGE='libiconv'
PACKAGE_BUGREPORT=''
PACKAGE_NAME=''
PACKAGE_STRING=''
PACKAGE_TARNAME=''
PACKAGE_VERSION=''
PATH_SEPARATOR=':'
PLUGLIB=''
POSUB=''
RANLIB='ranlib'
RELOCATABLE='no'
RELOCATABLE_VIA_LD_FALSE=''
RELOCATABLE_VIA_LD_TRUE='#'
SET_MAKE=''
SET_RELOCATABLE=''
SHELL='/bin/sh'
STDBOOL_H=''
STDINT_H=''
STRIP='strip'
USE_EXTRA_ENCODINGS='no'
USE_NLS='no'
VERSION='1.10'
XGETTEXT=':'
ac_ct_AR='ar'
ac_ct_AS=''
ac_ct_CC='gcc'
ac_ct_CXX='g++'
ac_ct_DLLTOOL=''
ac_ct_F77=''
ac_ct_OBJDUMP=''
ac_ct_RANLIB='ranlib'
ac_ct_STRIP='strip'
am__fastdepCC_FALSE=''
am__fastdepCC_TRUE='#'
am__fastdepCXX_FALSE=''
am__fastdepCXX_TRUE='#'
am__include='include'
am__leading_dot='.'
am__quote=''
am__tar='${AMTAR} chof - "$$tardir"'
am__untar='${AMTAR} xf -'
bindir='${exec_prefix}/bin'
build='i686-apple-darwin13.1.0'
build_alias=''
build_cpu='i686'
build_os='darwin13.1.0'
build_vendor='apple'
datadir='${prefix}/share'
exec_prefix='${prefix}'
host='i686-apple-darwin13.1.0'
host_alias=''
host_cpu='i686'
host_os='darwin13.1.0'
host_vendor='apple'
includedir='${prefix}/include'
infodir='${prefix}/info'
install_sh='/Users/takako/rails_projects/sample_app/libiconv-1.10/build-aux/install-sh'
libdir='${exec_prefix}/lib'
libexecdir='${exec_prefix}/libexec'
localstatedir='${prefix}/var'
mandir='${datadir}/man'
mkdir_p='$(mkinstalldirs)'
oldincludedir='/usr/include'
prefix='/usr/local'
program_transform_name='s,x,x,'
sbindir='${exec_prefix}/sbin'
sharedstatedir='${prefix}/com'
subdirs=' libcharset'
sysconfdir='${prefix}/etc'
target_alias=''

## ----------- ##
## confdefs.h. ##
## ----------- ##

#define HAVE_ALLOCA 1
#define HAVE_ALLOCA_H 1
#define HAVE_DECL_CLEARERR_UNLOCKED 1
#define HAVE_DECL_FEOF_UNLOCKED 1
#define HAVE_DECL_FERROR_UNLOCKED 1
#define HAVE_DECL_FFLUSH_UNLOCKED 0
#define HAVE_DECL_FGETS_UNLOCKED 0
#define HAVE_DECL_FPUTC_UNLOCKED 0
#define HAVE_DECL_FPUTS_UNLOCKED 0
#define HAVE_DECL_FREAD_UNLOCKED 0
#define HAVE_DECL_FWRITE_UNLOCKED 0
#define HAVE_DECL_GETCHAR_UNLOCKED 1
#define HAVE_DECL_GETC_UNLOCKED 1
#define HAVE_DECL_PUTCHAR_UNLOCKED 1
#define HAVE_DECL_PUTC_UNLOCKED 1
#define HAVE_DECL_STRERROR 1
#define HAVE_DECL_STRERROR_R 1
#define HAVE_DLFCN_H 1
#define HAVE_GETCWD 1
#define HAVE_GETC_UNLOCKED 1
#define HAVE_ICONV 1
#define HAVE_ICONV 1
#define HAVE_INTTYPES_H 1
#define HAVE_INTTYPES_H 1
#define HAVE_LANGINFO_CODESET 1
#define HAVE_LOCALE_H 1
#define HAVE_MBRTOWC 1
#define HAVE_MBSINIT 1
#define HAVE_MEMMOVE 1
#define HAVE_MEMORY_H 1
#define HAVE_READLINK 1
#define HAVE_READLINK 1
#define HAVE_SETENV 1
#define HAVE_SETLOCALE 1
#define HAVE_STDBOOL_H 1
#define HAVE_STDDEF_H 1
#define HAVE_STDINT_H 1
#define HAVE_STDINT_H 1
#define HAVE_STDLIB_H 1
#define HAVE_STDLIB_H 1
#define HAVE_STDLIB_H 1
#define HAVE_STDLIB_H 1
#define HAVE_STDLIB_H 1
#define HAVE_STRERROR 1
#define HAVE_STRERROR 1
#define HAVE_STRERROR_R 1
#define HAVE_STRINGS_H 1
#define HAVE_STRING_H 1
#define HAVE_STRING_H 1
#define HAVE_STRING_H 1
#define HAVE_SYS_PARAM_H 1
#define HAVE_SYS_STAT_H 1
#define HAVE_SYS_TYPES_H 1
#define HAVE_UNISTD_H 1
#define HAVE_UNISTD_H 1
#define HAVE_UNSETENV 1
#define HAVE_VPRINTF 1
#define HAVE_WCHAR_H 1
#define HAVE_WCRTOMB 1
#define HAVE__BOOL 1
#define ICONV_CONST 
#define INSTALLPREFIX "/usr/local"
#define MALLOC_0_IS_NONNULL 1
#define PACKAGE "libiconv"
#define PACKAGE_BUGREPORT ""
#define PACKAGE_NAME ""
#define PACKAGE_STRING ""
#define PACKAGE_TARNAME ""
#define PACKAGE_VERSION ""
#define STDC_HEADERS 1
#define STDC_HEADERS 1
#define VERSION "1.10"
#define WORDS_LITTLEENDIAN 1
#define _GNU_SOURCE 1
#define __EXTENSIONS__ 1
#define realpath rpl_realpath
#endif
#ifdef __cplusplus
extern "C" void exit (int) throw ();

configure: exit 0
