cd libcharset && /Applications/Xcode.app/Contents/Developer/usr/bin/make install prefix='/usr/local' exec_prefix='/usr/local' libdir='/usr/local/lib'
cd lib && /Applications/Xcode.app/Contents/Developer/usr/bin/make install prefix='/usr/local' exec_prefix='/usr/local' libdir='/usr/local/lib'
/bin/sh ../build-aux/mkinstalldirs /usr/local/lib
/bin/sh ../libtool --mode=install /usr/bin/install -c -m 644 libcharset.la /usr/local/lib/libcharset.la
/usr/bin/install -c -m 644 .libs/libcharset.1.0.0.dylib /usr/local/lib/libcharset.1.0.0.dylib
(cd /usr/local/lib && { ln -s -f libcharset.1.0.0.dylib libcharset.1.dylib || { rm -f libcharset.1.dylib && ln -s libcharset.1.0.0.dylib libcharset.1.dylib; }; })
(cd /usr/local/lib && { ln -s -f libcharset.1.0.0.dylib libcharset.dylib || { rm -f libcharset.dylib && ln -s libcharset.1.0.0.dylib libcharset.dylib; }; })
/usr/bin/install -c -m 644 .libs/libcharset.lai /usr/local/lib/libcharset.la
/usr/bin/install -c -m 644 .libs/libcharset.a /usr/local/lib/libcharset.a
ranlib /usr/local/lib/libcharset.a
chmod 644 /usr/local/lib/libcharset.a
----------------------------------------------------------------------
Libraries have been installed in:
   /usr/local/lib

If you ever happen to want to link against installed libraries
in a given directory, LIBDIR, you must either use libtool, and
specify the full pathname of the library, or use the `-LLIBDIR'
flag during linking and do at least one of the following:
   - add LIBDIR to the `DYLD_LIBRARY_PATH' environment variable
     during execution

See any operating system documentation about shared libraries for
more information, such as the ld(1) and ld.so(8) manual pages.
----------------------------------------------------------------------
if test -f /usr/local/lib/charset.alias; then \
	  sed -f ref-add.sed /usr/local/lib/charset.alias > /usr/local/lib/t-charset.alias; \
	  /usr/bin/install -c -m 644 /usr/local/lib/t-charset.alias /usr/local/lib/charset.alias; \
	  rm -f /usr/local/lib/t-charset.alias; \
	else \
	  if test no = no; then \
	    sed -f ref-add.sed charset.alias > /usr/local/lib/t-charset.alias; \
	    /usr/bin/install -c -m 644 /usr/local/lib/t-charset.alias /usr/local/lib/charset.alias; \
	    rm -f /usr/local/lib/t-charset.alias; \
	  fi ; \
	fi
/bin/sh ./build-aux/mkinstalldirs /usr/local/include
/usr/bin/install -c -m 644 include/libcharset.h /usr/local/include/libcharset.h
/usr/bin/install -c -m 644 include/localcharset.h /usr/local/include/localcharset.h
cd lib && /Applications/Xcode.app/Contents/Developer/usr/bin/make install prefix='/usr/local' exec_prefix='/usr/local' libdir='/usr/local/lib'
/bin/sh ../libtool --mode=link gcc  -o libiconv.la -rpath /usr/local/lib -version-info 5:0:3 -no-undefined iconv.lo localcharset.lo relocatable.lo
gcc -dynamiclib  -o .libs/libiconv.2.3.0.dylib  .libs/iconv.o .libs/localcharset.o .libs/relocatable.o   -install_name  /usr/local/lib/libiconv.2.dylib -Wl,-compatibility_version -Wl,6 -Wl,-current_version -Wl,6.0
